Watching for file changes with StatReloader
Forbidden: /api/auth/current-user/
[12/Aug/2025 12:35:04] "GET /api/auth/current-user/ HTTP/1.1" 403 65
Forbidden: /api/auth/current-user/
[12/Aug/2025 12:35:07] "GET /api/auth/current-user/ HTTP/1.1" 403 65
[12/Aug/2025 12:35:07] "OPTIONS /api/auth/login/ HTTP/1.1" 200 0
[12/Aug/2025 12:35:07] "POST /api/auth/login/ HTTP/1.1" 200 231
[12/Aug/2025 12:35:08] "GET /api/auth/current-user/ HTTP/1.1" 200 196
Forbidden: /api/auth/login/
[12/Aug/2025 12:35:08] "POST /api/auth/login/ HTTP/1.1" 403 45
Forbidden: /api/auth/login/
[12/Aug/2025 12:35:08] "POST /api/auth/login/ HTTP/1.1" 403 45
[12/Aug/2025 12:35:08] "POST /api/auth/login/ HTTP/1.1" 200 231
Forbidden: /api/turnos/
[12/Aug/2025 12:35:08] "GET /api/turnos/ HTTP/1.1" 403 65
Forbidden: /api/pacientes/
[12/Aug/2025 12:35:10] "GET /api/pacientes/ HTTP/1.1" 403 65
[12/Aug/2025 12:35:11] "POST /api/auth/login/ HTTP/1.1" 200 231
[12/Aug/2025 12:35:11] "GET /api/pacientes/ HTTP/1.1" 200 2598
[12/Aug/2025 12:35:11] "GET /api/medicos/ HTTP/1.1" 200 2425
[12/Aug/2025 12:35:11] "GET /api/medicos/ HTTP/1.1" 200 2425
[12/Aug/2025 12:35:11] "GET /api/especialidades/ HTTP/1.1" 200 1727
[12/Aug/2025 12:35:11] "GET /api/especialidades/ HTTP/1.1" 200 1727
[12/Aug/2025 12:35:12] "GET /api/turnos/ HTTP/1.1" 200 1263
Forbidden: /api/auth/current-user/
[12/Aug/2025 12:35:13] "GET /api/auth/current-user/ HTTP/1.1" 403 65
Forbidden: /api/auth/current-user/
[12/Aug/2025 12:35:13] "GET /api/auth/current-user/ HTTP/1.1" 403 65
[12/Aug/2025 12:35:13] "POST /api/auth/login/ HTTP/1.1" 200 231
[12/Aug/2025 12:35:13] "GET /api/especialidades/ HTTP/1.1" 200 1727
[12/Aug/2025 12:35:13] "GET /api/medicos/ HTTP/1.1" 200 2425
[12/Aug/2025 12:35:13] "GET /api/pacientes/ HTTP/1.1" 200 2598
Forbidden: /api/turnos/
[12/Aug/2025 12:35:13] "POST /api/turnos/ HTTP/1.1" 403 45
Forbidden: /api/auth/current-user/
[12/Aug/2025 12:38:54] "GET /api/auth/current-user/ HTTP/1.1" 403 65
Forbidden: /api/auth/current-user/
[12/Aug/2025 12:39:54] "GET /api/auth/current-user/ HTTP/1.1" 403 65
Forbidden: /api/auth/current-user/
[12/Aug/2025 12:39:54] "GET /api/auth/current-user/ HTTP/1.1" 403 65
Not Found: /
[12/Aug/2025 12:50:40] "GET / HTTP/1.1" 404 2305
Not Found: /
[12/Aug/2025 12:51:01] "HEAD / HTTP/1.1" 404 0
[12/Aug/2025 12:51:16] "HEAD /api/ HTTP/1.1" 200 0
[12/Aug/2025 12:51:40] "OPTIONS /api/auth/login/ HTTP/1.1" 200 0
[12/Aug/2025 12:51:41] "POST /api/auth/login/ HTTP/1.1" 200 231
Forbidden: /api/auth/current-user/
[12/Aug/2025 12:51:43] "GET /api/auth/current-user/ HTTP/1.1" 403 65
[12/Aug/2025 12:51:43] "GET /api/medicos/ HTTP/1.1" 200 2425
[12/Aug/2025 12:51:44] "GET /api/especialidades/ HTTP/1.1" 200 1727
Forbidden: /api/pacientes/
[12/Aug/2025 12:51:44] "GET /api/pacientes/ HTTP/1.1" 403 65
Forbidden: /api/turnos/
[12/Aug/2025 12:51:45] "GET /api/turnos/ HTTP/1.1" 403 65
[12/Aug/2025 12:52:00] "GET /api/ HTTP/1.1" 200 685
[12/Aug/2025 12:52:00] "GET /api/ HTTP/1.1" 200 685
[12/Aug/2025 12:52:01] "POST /api/auth/login/ HTTP/1.1" 200 231
[12/Aug/2025 12:52:01] "GET /api/auth/current-user/ HTTP/1.1" 200 196
[12/Aug/2025 12:52:01] "GET /api/pacientes/ HTTP/1.1" 200 2598
[12/Aug/2025 12:52:02] "GET /api/medicos/ HTTP/1.1" 200 2425
Not Found: /api/catalogos/especialidades/
[12/Aug/2025 12:52:02] "GET /api/catalogos/especialidades/ HTTP/1.1" 404 32035
[12/Aug/2025 12:52:02] "GET /api/turnos/ HTTP/1.1" 200 1263
[12/Aug/2025 12:52:02] "GET /api/pacientes/ HTTP/1.1" 200 2598
[12/Aug/2025 12:52:03] "GET /api/medicos/ HTTP/1.1" 200 2425
Not Found: /api/catalogos/especialidades/
[12/Aug/2025 12:52:03] "GET /api/catalogos/especialidades/ HTTP/1.1" 404 32035
[12/Aug/2025 12:52:23] "GET /api/ HTTP/1.1" 200 685
[12/Aug/2025 12:53:22] "GET /api/ HTTP/1.1" 200 685
[12/Aug/2025 12:53:22] "GET /api/ HTTP/1.1" 200 685
[12/Aug/2025 12:53:23] "POST /api/auth/login/ HTTP/1.1" 200 231
[12/Aug/2025 12:53:23] "GET /api/auth/current-user/ HTTP/1.1" 200 196
[12/Aug/2025 12:53:23] "GET /api/pacientes/ HTTP/1.1" 200 2598
[12/Aug/2025 12:53:23] "GET /api/medicos/ HTTP/1.1" 200 2425
[12/Aug/2025 12:53:24] "GET /api/especialidades/ HTTP/1.1" 200 1727
[12/Aug/2025 12:53:24] "GET /api/turnos/ HTTP/1.1" 200 1263
[12/Aug/2025 12:53:24] "GET /api/pacientes/ HTTP/1.1" 200 2598
[12/Aug/2025 12:53:24] "GET /api/medicos/ HTTP/1.1" 200 2425
[12/Aug/2025 12:53:24] "GET /api/especialidades/ HTTP/1.1" 200 1727
Forbidden: /api/turnos/
[12/Aug/2025 12:53:24] "POST /api/turnos/ HTTP/1.1" 403 45
[12/Aug/2025 12:55:10] "POST /api/auth/login/ HTTP/1.1" 200 231
[12/Aug/2025 12:55:10] "GET /api/auth/current-user/ HTTP/1.1" 200 196
[12/Aug/2025 12:55:10] "GET /api/pacientes/ HTTP/1.1" 200 2598
[12/Aug/2025 12:55:10] "GET /api/medicos/ HTTP/1.1" 200 2425
[12/Aug/2025 12:55:11] "GET /api/especialidades/ HTTP/1.1" 200 1727
[12/Aug/2025 12:55:11] "GET /api/turnos/ HTTP/1.1" 200 1263
[12/Aug/2025 12:55:11] "GET /api/ HTTP/1.1" 200 685
Forbidden: /api/auth/current-user/
[12/Aug/2025 12:55:52] "GET /api/auth/current-user/ HTTP/1.1" 403 65
[12/Aug/2025 12:55:53] "POST /api/auth/login/ HTTP/1.1" 200 231
Forbidden: /api/turnos/
[12/Aug/2025 12:55:53] "GET /api/turnos/ HTTP/1.1" 403 65
Forbidden: /api/pacientes/
[12/Aug/2025 12:55:53] "GET /api/pacientes/ HTTP/1.1" 403 65
[12/Aug/2025 12:55:53] "OPTIONS /api/pacientes/ HTTP/1.1" 200 0
Forbidden: /api/pacientes/
[12/Aug/2025 12:55:53] "GET /api/pacientes/ HTTP/1.1" 403 65
[12/Aug/2025 12:55:53] "GET /api/medicos/ HTTP/1.1" 200 2425
[12/Aug/2025 12:55:53] "GET /api/especialidades/ HTTP/1.1" 200 1727
Forbidden: /api/auth/current-user/
[12/Aug/2025 12:55:55] "GET /api/auth/current-user/ HTTP/1.1" 403 65
Forbidden: /api/auth/current-user/
[12/Aug/2025 12:55:55] "GET /api/auth/current-user/ HTTP/1.1" 403 65
Forbidden: /api/auth/current-user/
[12/Aug/2025 12:56:09] "GET /api/auth/current-user/ HTTP/1.1" 403 65
Forbidden: /api/pacientes/
[12/Aug/2025 12:56:09] "GET /api/pacientes/ HTTP/1.1" 403 65
[12/Aug/2025 12:56:09] "GET /api/medicos/ HTTP/1.1" 200 2425
[12/Aug/2025 12:56:09] "GET /api/especialidades/ HTTP/1.1" 200 1727
Forbidden: /api/turnos/
[12/Aug/2025 12:56:09] "GET /api/turnos/ HTTP/1.1" 403 65
Forbidden: /api/turnos/
[12/Aug/2025 12:57:00] "GET /api/turnos/ HTTP/1.1" 403 65
Forbidden: /api/pacientes/
[12/Aug/2025 12:57:00] "GET /api/pacientes/ HTTP/1.1" 403 65
Forbidden: /api/pacientes/
[12/Aug/2025 12:57:00] "GET /api/pacientes/ HTTP/1.1" 403 65
[12/Aug/2025 12:57:00] "GET /api/medicos/ HTTP/1.1" 200 2425
[12/Aug/2025 12:57:00] "GET /api/especialidades/ HTTP/1.1" 200 1727
Forbidden: /api/auth/current-user/
[12/Aug/2025 12:57:03] "GET /api/auth/current-user/ HTTP/1.1" 403 65
Forbidden: /api/pacientes/
[12/Aug/2025 12:57:03] "GET /api/pacientes/ HTTP/1.1" 403 65
[12/Aug/2025 12:57:03] "GET /api/medicos/ HTTP/1.1" 200 2425
[12/Aug/2025 12:57:04] "GET /api/especialidades/ HTTP/1.1" 200 1727
Forbidden: /api/turnos/
[12/Aug/2025 12:57:04] "GET /api/turnos/ HTTP/1.1" 403 65
Forbidden: /api/pacientes/
[12/Aug/2025 12:57:09] "GET /api/pacientes/ HTTP/1.1" 403 65
Forbidden: /api/pacientes/
[12/Aug/2025 12:57:09] "GET /api/pacientes/ HTTP/1.1" 403 65
Forbidden: /api/auth/current-user/
[12/Aug/2025 12:57:24] "GET /api/auth/current-user/ HTTP/1.1" 403 65
[12/Aug/2025 12:57:25] "POST /api/auth/login/ HTTP/1.1" 200 231
Forbidden: /api/turnos/
[12/Aug/2025 12:57:25] "GET /api/turnos/ HTTP/1.1" 403 65
Forbidden: /api/pacientes/
[12/Aug/2025 12:57:25] "GET /api/pacientes/ HTTP/1.1" 403 65
Forbidden: /api/pacientes/
[12/Aug/2025 12:57:25] "GET /api/pacientes/ HTTP/1.1" 403 65
[12/Aug/2025 12:57:25] "GET /api/medicos/ HTTP/1.1" 200 2425
[12/Aug/2025 12:57:26] "GET /api/especialidades/ HTTP/1.1" 200 1727
Forbidden: /api/auth/current-user/
[12/Aug/2025 12:57:27] "GET /api/auth/current-user/ HTTP/1.1" 403 65
Forbidden: /api/auth/current-user/
[12/Aug/2025 12:57:27] "GET /api/auth/current-user/ HTTP/1.1" 403 65
[12/Aug/2025 12:57:41] "POST /api/auth/login/ HTTP/1.1" 200 231
[12/Aug/2025 12:57:48] "GET /api/pacientes/ HTTP/1.1" 200 2598
Forbidden: /api/auth/current-user/
[12/Aug/2025 12:58:05] "GET /api/auth/current-user/ HTTP/1.1" 403 65
Forbidden: /api/auth/current-user/
[12/Aug/2025 12:58:05] "GET /api/auth/current-user/ HTTP/1.1" 403 65
Forbidden: /api/auth/current-user/
[12/Aug/2025 12:58:20] "GET /api/auth/current-user/ HTTP/1.1" 403 65
Forbidden: /api/auth/current-user/
[12/Aug/2025 12:58:20] "GET /api/auth/current-user/ HTTP/1.1" 403 65
Forbidden: /api/auth/current-user/
[12/Aug/2025 12:58:34] "GET /api/auth/current-user/ HTTP/1.1" 403 65
Forbidden: /api/auth/current-user/
[12/Aug/2025 12:58:34] "GET /api/auth/current-user/ HTTP/1.1" 403 65
[12/Aug/2025 12:59:11] "POST /api/auth/login/ HTTP/1.1" 200 231
[12/Aug/2025 12:59:11] "GET /api/auth/current-user/ HTTP/1.1" 200 196
[12/Aug/2025 12:59:11] "GET /api/pacientes/ HTTP/1.1" 200 2598
[12/Aug/2025 12:59:12] "GET /api/turnos/ HTTP/1.1" 200 1263
[12/Aug/2025 12:59:12] "GET /api/medicos/ HTTP/1.1" 200 2425
[12/Aug/2025 12:59:12] "GET /api/especialidades/ HTTP/1.1" 200 1727
Forbidden: /api/auth/current-user/
[12/Aug/2025 13:00:56] "GET /api/auth/current-user/ HTTP/1.1" 403 65
[12/Aug/2025 13:00:56] "POST /api/auth/login/ HTTP/1.1" 200 231
Forbidden: /api/auth/current-user/
[12/Aug/2025 13:00:57] "GET /api/auth/current-user/ HTTP/1.1" 403 65
Forbidden: /api/turnos/
[12/Aug/2025 13:00:57] "GET /api/turnos/ HTTP/1.1" 403 65
Forbidden: /api/pacientes/
[12/Aug/2025 13:00:58] "GET /api/pacientes/ HTTP/1.1" 403 65
Forbidden: /api/pacientes/
[12/Aug/2025 13:00:58] "GET /api/pacientes/ HTTP/1.1" 403 65
[12/Aug/2025 13:00:58] "GET /api/medicos/ HTTP/1.1" 200 2425
[12/Aug/2025 13:00:58] "GET /api/especialidades/ HTTP/1.1" 200 1727
Forbidden: /api/auth/current-user/
[12/Aug/2025 13:00:59] "GET /api/auth/current-user/ HTTP/1.1" 403 65
Forbidden: /api/auth/current-user/
[12/Aug/2025 13:00:59] "GET /api/auth/current-user/ HTTP/1.1" 403 65
Forbidden: /api/auth/current-user/
[12/Aug/2025 13:01:06] "GET /api/auth/current-user/ HTTP/1.1" 403 65
Forbidden: /api/pacientes/
[12/Aug/2025 13:01:06] "GET /api/pacientes/ HTTP/1.1" 403 65
[12/Aug/2025 13:01:06] "GET /api/medicos/ HTTP/1.1" 200 2425
[12/Aug/2025 13:01:06] "GET /api/especialidades/ HTTP/1.1" 200 1727
Forbidden: /api/turnos/
[12/Aug/2025 13:01:06] "GET /api/turnos/ HTTP/1.1" 403 65
[12/Aug/2025 13:01:18] "POST /api/auth/login/ HTTP/1.1" 200 231
Forbidden: /api/auth/current-user/
[12/Aug/2025 13:01:19] "GET /api/auth/current-user/ HTTP/1.1" 403 65
Forbidden: /api/auth/current-user/
[12/Aug/2025 13:01:44] "GET /api/auth/current-user/ HTTP/1.1" 403 65
Forbidden: /api/auth/current-user/
[12/Aug/2025 13:01:44] "GET /api/auth/current-user/ HTTP/1.1" 403 65
[12/Aug/2025 13:03:00] "POST /api/auth/login/ HTTP/1.1" 200 231
[12/Aug/2025 13:03:01] "GET /api/auth/current-user/ HTTP/1.1" 200 196
[12/Aug/2025 13:03:01] "GET /api/pacientes/ HTTP/1.1" 200 2598
[12/Aug/2025 13:03:01] "GET /api/turnos/ HTTP/1.1" 200 1263
[12/Aug/2025 13:03:01] "GET /api/medicos/ HTTP/1.1" 200 2425
[12/Aug/2025 13:03:01] "GET /api/especialidades/ HTTP/1.1" 200 1727
Forbidden: /api/auth/current-user/
[12/Aug/2025 13:03:17] "GET /api/auth/current-user/ HTTP/1.1" 403 65
Forbidden: /api/auth/current-user/
[12/Aug/2025 13:03:17] "GET /api/auth/current-user/ HTTP/1.1" 403 65
Forbidden: /api/auth/current-user/
[12/Aug/2025 13:03:38] "GET /api/auth/current-user/ HTTP/1.1" 403 65
Forbidden: /api/auth/current-user/
[12/Aug/2025 13:03:38] "GET /api/auth/current-user/ HTTP/1.1" 403 65
Forbidden: /api/auth/current-user/
[12/Aug/2025 13:03:58] "GET /api/auth/current-user/ HTTP/1.1" 403 65
Forbidden: /api/auth/current-user/
[12/Aug/2025 13:03:58] "GET /api/auth/current-user/ HTTP/1.1" 403 65
Forbidden: /api/auth/current-user/
[12/Aug/2025 13:04:12] "GET /api/auth/current-user/ HTTP/1.1" 403 65
Forbidden: /api/auth/current-user/
[12/Aug/2025 13:04:12] "GET /api/auth/current-user/ HTTP/1.1" 403 65
Forbidden: /api/auth/current-user/
[12/Aug/2025 13:04:30] "GET /api/auth/current-user/ HTTP/1.1" 403 65
Forbidden: /api/auth/current-user/
[12/Aug/2025 13:04:30] "GET /api/auth/current-user/ HTTP/1.1" 403 65
Forbidden: /api/auth/current-user/
[12/Aug/2025 13:04:47] "GET /api/auth/current-user/ HTTP/1.1" 403 65
Forbidden: /api/auth/current-user/
[12/Aug/2025 13:04:47] "GET /api/auth/current-user/ HTTP/1.1" 403 65
[12/Aug/2025 13:19:24] "GET /api/auth/current-user/ HTTP/1.1" 200 196
[12/Aug/2025 13:19:25] "GET /api/turnos/ HTTP/1.1" 200 1263
[12/Aug/2025 13:19:26] "GET /api/pacientes/ HTTP/1.1" 200 2598
[12/Aug/2025 13:19:26] "GET /api/medicos/ HTTP/1.1" 200 2425
[12/Aug/2025 13:19:26] "GET /api/especialidades/ HTTP/1.1" 200 1727
Forbidden: /api/auth/current-user/
[12/Aug/2025 13:19:26] "GET /api/auth/current-user/ HTTP/1.1" 403 65
Forbidden: /api/auth/current-user/
[12/Aug/2025 13:19:26] "GET /api/auth/current-user/ HTTP/1.1" 403 65
[12/Aug/2025 13:21:33] "OPTIONS /api/auth/login/ HTTP/1.1" 200 0
[12/Aug/2025 13:21:34] "POST /api/auth/login/ HTTP/1.1" 200 231
[12/Aug/2025 13:21:35] "OPTIONS /api/auth/login/ HTTP/1.1" 200 0
[12/Aug/2025 13:21:36] "POST /api/auth/login/ HTTP/1.1" 200 231
[12/Aug/2025 13:21:39] "OPTIONS /api/auth/login/ HTTP/1.1" 200 0
[12/Aug/2025 13:21:43] "POST /api/auth/login/ HTTP/1.1" 200 231
Forbidden: /api/auth/current-user/
[12/Aug/2025 13:21:43] "GET /api/auth/current-user/ HTTP/1.1" 403 65
[12/Aug/2025 13:21:44] "GET /api/medicos/ HTTP/1.1" 200 2425
[12/Aug/2025 13:21:44] "GET /api/especialidades/ HTTP/1.1" 200 1727
Forbidden: /api/pacientes/
[12/Aug/2025 13:21:44] "GET /api/pacientes/ HTTP/1.1" 403 65
Forbidden: /api/turnos/
[12/Aug/2025 13:21:44] "GET /api/turnos/ HTTP/1.1" 403 65
[12/Aug/2025 13:22:19] "OPTIONS /api/auth/login/ HTTP/1.1" 200 0
[12/Aug/2025 13:22:23] "POST /api/auth/login/ HTTP/1.1" 200 231
[12/Aug/2025 13:22:24] "OPTIONS /api/auth/login/ HTTP/1.1" 200 0
[12/Aug/2025 13:22:27] "POST /api/auth/login/ HTTP/1.1" 200 231
Forbidden: /api/auth/current-user/
[12/Aug/2025 13:22:27] "GET /api/auth/current-user/ HTTP/1.1" 403 65
[12/Aug/2025 13:22:28] "GET /api/medicos/ HTTP/1.1" 200 2425
[12/Aug/2025 13:22:28] "GET /api/especialidades/ HTTP/1.1" 200 1727
Forbidden: /api/pacientes/
[12/Aug/2025 13:22:28] "GET /api/pacientes/ HTTP/1.1" 403 65
Forbidden: /api/turnos/
[12/Aug/2025 13:22:28] "GET /api/turnos/ HTTP/1.1" 403 65
[12/Aug/2025 13:22:33] "OPTIONS /api/auth/login/ HTTP/1.1" 200 0
[12/Aug/2025 13:22:35] "POST /api/auth/login/ HTTP/1.1" 200 231
Forbidden: /api/auth/current-user/
[12/Aug/2025 13:22:35] "GET /api/auth/current-user/ HTTP/1.1" 403 65
[12/Aug/2025 13:22:36] "GET /api/medicos/ HTTP/1.1" 200 2425
[12/Aug/2025 13:22:36] "GET /api/especialidades/ HTTP/1.1" 200 1727
Forbidden: /api/pacientes/
[12/Aug/2025 13:22:37] "GET /api/pacientes/ HTTP/1.1" 403 65
Forbidden: /api/turnos/
[12/Aug/2025 13:22:37] "GET /api/turnos/ HTTP/1.1" 403 65
[12/Aug/2025 13:22:47] "GET /api/medicos/ HTTP/1.1" 200 2425
[12/Aug/2025 13:22:48] "GET /api/especialidades/ HTTP/1.1" 200 1727
Forbidden: /api/pacientes/
[12/Aug/2025 13:22:48] "GET /api/pacientes/ HTTP/1.1" 403 65
Forbidden: /api/turnos/
[12/Aug/2025 13:22:48] "GET /api/turnos/ HTTP/1.1" 403 65
[12/Aug/2025 13:22:51] "GET /api/medicos/ HTTP/1.1" 200 2425
[12/Aug/2025 13:22:52] "GET /api/especialidades/ HTTP/1.1" 200 1727
Forbidden: /api/pacientes/
[12/Aug/2025 13:22:52] "GET /api/pacientes/ HTTP/1.1" 403 65
Forbidden: /api/turnos/
[12/Aug/2025 13:22:52] "GET /api/turnos/ HTTP/1.1" 403 65
[12/Aug/2025 13:52:25] "POST /api/auth/login/ HTTP/1.1" 200 231
[12/Aug/2025 13:52:25] "GET /api/pacientes/ HTTP/1.1" 200 2598
[12/Aug/2025 13:52:26] "GET /api/medicos/ HTTP/1.1" 200 2425
[12/Aug/2025 13:52:26] "GET /api/turnos/ HTTP/1.1" 200 1263
[12/Aug/2025 13:53:19] "GET /api/auth/current-user/ HTTP/1.1" 200 196
[12/Aug/2025 13:53:20] "GET /api/turnos/ HTTP/1.1" 200 1263
[12/Aug/2025 13:53:21] "GET /api/pacientes/ HTTP/1.1" 200 2598
[12/Aug/2025 13:53:21] "GET /api/medicos/ HTTP/1.1" 200 2425
Forbidden: /api/auth/current-user/
[12/Aug/2025 13:53:21] "GET /api/auth/current-user/ HTTP/1.1" 403 65
Forbidden: /api/auth/current-user/
[12/Aug/2025 13:53:22] "GET /api/auth/current-user/ HTTP/1.1" 403 65
[12/Aug/2025 13:53:22] "GET /api/especialidades/ HTTP/1.1" 200 1727
[12/Aug/2025 13:53:35] "GET /api/pacientes/ HTTP/1.1" 200 2598
[12/Aug/2025 13:56:05] "GET /api/auth/current-user/ HTTP/1.1" 200 196
[12/Aug/2025 13:56:06] "GET /api/turnos/ HTTP/1.1" 200 1263
[12/Aug/2025 13:56:07] "GET /api/pacientes/ HTTP/1.1" 200 2598
[12/Aug/2025 13:56:07] "GET /api/medicos/ HTTP/1.1" 200 2425
[12/Aug/2025 13:56:07] "GET /api/especialidades/ HTTP/1.1" 200 1727
[12/Aug/2025 13:56:09] "GET /api/medicos/ HTTP/1.1" 200 2425
[12/Aug/2025 13:56:25] "GET /api/auth/current-user/ HTTP/1.1" 200 196
[12/Aug/2025 13:56:26] "GET /api/turnos/ HTTP/1.1" 200 1263
[12/Aug/2025 13:56:26] "GET /api/pacientes/ HTTP/1.1" 200 2598
Forbidden: /api/auth/current-user/
[12/Aug/2025 13:56:27] "GET /api/auth/current-user/ HTTP/1.1" 403 65
Forbidden: /api/auth/current-user/
[12/Aug/2025 13:56:27] "GET /api/auth/current-user/ HTTP/1.1" 403 65
[12/Aug/2025 13:56:27] "GET /api/medicos/ HTTP/1.1" 200 2425
[12/Aug/2025 13:56:27] "GET /api/especialidades/ HTTP/1.1" 200 1727
/Users/diegobaulde/Downloads/emr/api/serializers.py changed, reloading.
Performing system checks...

System check identified no issues (0 silenced).
August 12, 2025 - 12:34:37
Django version 5.2.5, using settings 'synesis.settings'
Starting development server at http://127.0.0.1:8000/
Quit the server with CONTROL-C.

WARNING: This is a development server. Do not use it in a production setting. Use a production WSGI or ASGI server instead.
For more information on production servers see: https://docs.djangoproject.com/en/5.2/howto/deployment/
Watching for file changes with StatReloader
/Users/diegobaulde/Downloads/emr/api/serializers.py changed, reloading.
Performing system checks...

System check identified no issues (0 silenced).
August 12, 2025 - 13:56:46
Django version 5.2.5, using settings 'synesis.settings'
Starting development server at http://127.0.0.1:8000/
Quit the server with CONTROL-C.

WARNING: This is a development server. Do not use it in a production setting. Use a production WSGI or ASGI server instead.
For more information on production servers see: https://docs.djangoproject.com/en/5.2/howto/deployment/
Watching for file changes with StatReloader
Internal Server Error: /api/pacientes/
Traceback (most recent call last):
  File "/Users/diegobaulde/Downloads/emr/emr_ev/lib/python3.13/site-packages/django/core/handlers/exception.py", line 55, in inner
    response = get_response(request)
  File "/Users/diegobaulde/Downloads/emr/emr_ev/lib/python3.13/site-packages/django/core/handlers/base.py", line 197, in _get_response
    response = wrapped_callback(request, *callback_args, **callback_kwargs)
  File "/Users/diegobaulde/Downloads/emr/emr_ev/lib/python3.13/site-packages/django/views/decorators/csrf.py", line 65, in _view_wrapper
    return view_func(request, *args, **kwargs)
  File "/Users/diegobaulde/Downloads/emr/emr_ev/lib/python3.13/site-packages/rest_framework/viewsets.py", line 125, in view
    return self.dispatch(request, *args, **kwargs)
           ~~~~~~~~~~~~~^^^^^^^^^^^^^^^^^^^^^^^^^^
  File "/Users/diegobaulde/Downloads/emr/emr_ev/lib/python3.13/site-packages/rest_framework/views.py", line 515, in dispatch
    response = self.handle_exception(exc)
  File "/Users/diegobaulde/Downloads/emr/emr_ev/lib/python3.13/site-packages/rest_framework/views.py", line 475, in handle_exception
    self.raise_uncaught_exception(exc)
    ~~~~~~~~~~~~~~~~~~~~~~~~~~~~~^^^^^
  File "/Users/diegobaulde/Downloads/emr/emr_ev/lib/python3.13/site-packages/rest_framework/views.py", line 486, in raise_uncaught_exception
    raise exc
  File "/Users/diegobaulde/Downloads/emr/emr_ev/lib/python3.13/site-packages/rest_framework/views.py", line 512, in dispatch
    response = handler(request, *args, **kwargs)
  File "/Users/diegobaulde/Downloads/emr/emr_ev/lib/python3.13/site-packages/rest_framework/mixins.py", line 43, in list
    return self.get_paginated_response(serializer.data)
                                       ^^^^^^^^^^^^^^^
  File "/Users/diegobaulde/Downloads/emr/emr_ev/lib/python3.13/site-packages/rest_framework/serializers.py", line 797, in data
    ret = super().data
          ^^^^^^^^^^^^
  File "/Users/diegobaulde/Downloads/emr/emr_ev/lib/python3.13/site-packages/rest_framework/serializers.py", line 251, in data
    self._data = self.to_representation(self.instance)
                 ~~~~~~~~~~~~~~~~~~~~~~^^^^^^^^^^^^^^^
  File "/Users/diegobaulde/Downloads/emr/emr_ev/lib/python3.13/site-packages/rest_framework/serializers.py", line 716, in to_representation
    self.child.to_representation(item) for item in iterable
    ~~~~~~~~~~~~~~~~~~~~~~~~~~~~^^^^^^
  File "/Users/diegobaulde/Downloads/emr/emr_ev/lib/python3.13/site-packages/rest_framework/serializers.py", line 525, in to_representation
    for field in fields:
                 ^^^^^^
  File "/Users/diegobaulde/Downloads/emr/emr_ev/lib/python3.13/site-packages/rest_framework/serializers.py", line 386, in _readable_fields
    for field in self.fields.values():
                 ^^^^^^^^^^^
  File "/Users/diegobaulde/Downloads/emr/emr_ev/lib/python3.13/site-packages/django/utils/functional.py", line 47, in __get__
    res = instance.__dict__[self.name] = self.func(instance)
                                         ~~~~~~~~~^^^^^^^^^^
  File "/Users/diegobaulde/Downloads/emr/emr_ev/lib/python3.13/site-packages/rest_framework/serializers.py", line 375, in fields
    fields[key] = value
    ~~~~~~^^^^^
  File "/Users/diegobaulde/Downloads/emr/emr_ev/lib/python3.13/site-packages/rest_framework/utils/serializer_helpers.py", line 165, in __setitem__
    field.bind(field_name=key, parent=self.serializer)
    ~~~~~~~~~~^^^^^^^^^^^^^^^^^^^^^^^^^^^^^^^^^^^^^^^^
  File "/Users/diegobaulde/Downloads/emr/emr_ev/lib/python3.13/site-packages/rest_framework/fields.py", line 358, in bind
    assert self.source != field_name, (
           ^^^^^^^^^^^^^^^^^^^^^^^^^
AssertionError: It is redundant to specify `source='nombre'` on field 'CharField' in serializer 'PacienteSerializer', because it is the same as the field name. Remove the `source` keyword argument.
[12/Aug/2025 13:57:05] "GET /api/pacientes/ HTTP/1.1" 500 135886
Internal Server Error: /api/pacientes/
Traceback (most recent call last):
  File "/Users/diegobaulde/Downloads/emr/emr_ev/lib/python3.13/site-packages/django/core/handlers/exception.py", line 55, in inner
    response = get_response(request)
  File "/Users/diegobaulde/Downloads/emr/emr_ev/lib/python3.13/site-packages/django/core/handlers/base.py", line 197, in _get_response
    response = wrapped_callback(request, *callback_args, **callback_kwargs)
  File "/Users/diegobaulde/Downloads/emr/emr_ev/lib/python3.13/site-packages/django/views/decorators/csrf.py", line 65, in _view_wrapper
    return view_func(request, *args, **kwargs)
  File "/Users/diegobaulde/Downloads/emr/emr_ev/lib/python3.13/site-packages/rest_framework/viewsets.py", line 125, in view
    return self.dispatch(request, *args, **kwargs)
           ~~~~~~~~~~~~~^^^^^^^^^^^^^^^^^^^^^^^^^^
  File "/Users/diegobaulde/Downloads/emr/emr_ev/lib/python3.13/site-packages/rest_framework/views.py", line 515, in dispatch
    response = self.handle_exception(exc)
  File "/Users/diegobaulde/Downloads/emr/emr_ev/lib/python3.13/site-packages/rest_framework/views.py", line 475, in handle_exception
    self.raise_uncaught_exception(exc)
    ~~~~~~~~~~~~~~~~~~~~~~~~~~~~~^^^^^
  File "/Users/diegobaulde/Downloads/emr/emr_ev/lib/python3.13/site-packages/rest_framework/views.py", line 486, in raise_uncaught_exception
    raise exc
  File "/Users/diegobaulde/Downloads/emr/emr_ev/lib/python3.13/site-packages/rest_framework/views.py", line 512, in dispatch
    response = handler(request, *args, **kwargs)
  File "/Users/diegobaulde/Downloads/emr/emr_ev/lib/python3.13/site-packages/rest_framework/mixins.py", line 43, in list
    return self.get_paginated_response(serializer.data)
                                       ^^^^^^^^^^^^^^^
  File "/Users/diegobaulde/Downloads/emr/emr_ev/lib/python3.13/site-packages/rest_framework/serializers.py", line 797, in data
    ret = super().data
          ^^^^^^^^^^^^
  File "/Users/diegobaulde/Downloads/emr/emr_ev/lib/python3.13/site-packages/rest_framework/serializers.py", line 251, in data
    self._data = self.to_representation(self.instance)
                 ~~~~~~~~~~~~~~~~~~~~~~^^^^^^^^^^^^^^^
  File "/Users/diegobaulde/Downloads/emr/emr_ev/lib/python3.13/site-packages/rest_framework/serializers.py", line 716, in to_representation
    self.child.to_representation(item) for item in iterable
    ~~~~~~~~~~~~~~~~~~~~~~~~~~~~^^^^^^
  File "/Users/diegobaulde/Downloads/emr/emr_ev/lib/python3.13/site-packages/rest_framework/serializers.py", line 525, in to_representation
    for field in fields:
                 ^^^^^^
  File "/Users/diegobaulde/Downloads/emr/emr_ev/lib/python3.13/site-packages/rest_framework/serializers.py", line 386, in _readable_fields
    for field in self.fields.values():
                 ^^^^^^^^^^^
  File "/Users/diegobaulde/Downloads/emr/emr_ev/lib/python3.13/site-packages/django/utils/functional.py", line 47, in __get__
    res = instance.__dict__[self.name] = self.func(instance)
                                         ~~~~~~~~~^^^^^^^^^^
  File "/Users/diegobaulde/Downloads/emr/emr_ev/lib/python3.13/site-packages/rest_framework/serializers.py", line 375, in fields
    fields[key] = value
    ~~~~~~^^^^^
  File "/Users/diegobaulde/Downloads/emr/emr_ev/lib/python3.13/site-packages/rest_framework/utils/serializer_helpers.py", line 165, in __setitem__
    field.bind(field_name=key, parent=self.serializer)
    ~~~~~~~~~~^^^^^^^^^^^^^^^^^^^^^^^^^^^^^^^^^^^^^^^^
  File "/Users/diegobaulde/Downloads/emr/emr_ev/lib/python3.13/site-packages/rest_framework/fields.py", line 358, in bind
    assert self.source != field_name, (
           ^^^^^^^^^^^^^^^^^^^^^^^^^
AssertionError: It is redundant to specify `source='nombre'` on field 'CharField' in serializer 'PacienteSerializer', because it is the same as the field name. Remove the `source` keyword argument.
[12/Aug/2025 13:57:11] "GET /api/pacientes/ HTTP/1.1" 500 135886
/Users/diegobaulde/Downloads/emr/api/serializers.py changed, reloading.
Performing system checks...

System check identified no issues (0 silenced).
August 12, 2025 - 13:56:56
Django version 5.2.5, using settings 'synesis.settings'
Starting development server at http://127.0.0.1:8000/
Quit the server with CONTROL-C.

WARNING: This is a development server. Do not use it in a production setting. Use a production WSGI or ASGI server instead.
For more information on production servers see: https://docs.djangoproject.com/en/5.2/howto/deployment/
Watching for file changes with StatReloader
/Users/diegobaulde/Downloads/emr/api/serializers.py changed, reloading.
Performing system checks...

System check identified no issues (0 silenced).
August 12, 2025 - 13:57:25
Django version 5.2.5, using settings 'synesis.settings'
Starting development server at http://127.0.0.1:8000/
Quit the server with CONTROL-C.

WARNING: This is a development server. Do not use it in a production setting. Use a production WSGI or ASGI server instead.
For more information on production servers see: https://docs.djangoproject.com/en/5.2/howto/deployment/
Watching for file changes with StatReloader
[12/Aug/2025 13:57:44] "GET /api/pacientes/ HTTP/1.1" 200 3019
[12/Aug/2025 13:57:51] "GET /api/medicos/ HTTP/1.1" 200 2649
[12/Aug/2025 13:57:59] "POST /api/auth/login/ HTTP/1.1" 200 231
[12/Aug/2025 13:57:59] "GET /api/pacientes/ HTTP/1.1" 200 3019
[12/Aug/2025 13:57:59] "GET /api/medicos/ HTTP/1.1" 200 2649
[12/Aug/2025 13:57:59] "GET /api/turnos/ HTTP/1.1" 200 1315
[12/Aug/2025 13:58:10] "GET /api/auth/current-user/ HTTP/1.1" 200 196
/Users/diegobaulde/Downloads/emr/api/serializers.py changed, reloading.
Performing system checks...

System check identified no issues (0 silenced).
August 12, 2025 - 13:57:35
Django version 5.2.5, using settings 'synesis.settings'
Starting development server at http://127.0.0.1:8000/
Quit the server with CONTROL-C.

WARNING: This is a development server. Do not use it in a production setting. Use a production WSGI or ASGI server instead.
For more information on production servers see: https://docs.djangoproject.com/en/5.2/howto/deployment/
Watching for file changes with StatReloader
[12/Aug/2025 13:58:26] "GET /api/auth/current-user/ HTTP/1.1" 200 196
[12/Aug/2025 13:58:27] "GET /api/turnos/ HTTP/1.1" 200 1315
[12/Aug/2025 13:58:27] "GET /api/pacientes/ HTTP/1.1" 200 3019
[12/Aug/2025 13:58:27] "GET /api/medicos/ HTTP/1.1" 200 2649
Forbidden: /api/auth/current-user/
[12/Aug/2025 13:58:28] "GET /api/auth/current-user/ HTTP/1.1" 403 65
Forbidden: /api/auth/current-user/
[12/Aug/2025 13:58:28] "GET /api/auth/current-user/ HTTP/1.1" 403 65
[12/Aug/2025 13:58:28] "GET /api/especialidades/ HTTP/1.1" 200 1727
[12/Aug/2025 13:58:57] "GET /admin/usuarios/user/ HTTP/1.1" 302 0
[12/Aug/2025 13:58:57] "GET /admin/login/?next=/admin/usuarios/user/ HTTP/1.1" 200 3785
[12/Aug/2025 13:58:57] "GET /static/admin/css/base.css HTTP/1.1" 304 0
[12/Aug/2025 13:58:57] "GET /static/admin/css/dark_mode.css HTTP/1.1" 304 0
[12/Aug/2025 13:58:57] "GET /static/admin/css/nav_sidebar.css HTTP/1.1" 304 0
[12/Aug/2025 13:58:57] "GET /static/admin/css/login.css HTTP/1.1" 304 0
[12/Aug/2025 13:58:57] "GET /static/admin/css/responsive.css HTTP/1.1" 304 0
[12/Aug/2025 13:58:57] "GET /static/admin/js/theme.js HTTP/1.1" 304 0
[12/Aug/2025 13:58:57] "GET /static/admin/js/nav_sidebar.js HTTP/1.1" 304 0
Not Found: /favicon.ico
[12/Aug/2025 13:58:57] "GET /favicon.ico HTTP/1.1" 404 2356
[12/Aug/2025 13:58:59] "POST /admin/login/?next=/admin/usuarios/user/ HTTP/1.1" 302 0
[12/Aug/2025 13:59:00] "GET /admin/usuarios/user/ HTTP/1.1" 200 38214
[12/Aug/2025 13:59:00] "GET /static/admin/js/jquery.init.js HTTP/1.1" 304 0
[12/Aug/2025 13:59:00] "GET /static/admin/js/core.js HTTP/1.1" 304 0
[12/Aug/2025 13:59:00] "GET /static/admin/css/changelists.css HTTP/1.1" 304 0
[12/Aug/2025 13:59:00] "GET /static/admin/js/actions.js HTTP/1.1" 304 0
[12/Aug/2025 13:59:00] "GET /static/admin/js/urlify.js HTTP/1.1" 304 0
[12/Aug/2025 13:59:00] "GET /static/admin/js/admin/RelatedObjectLookups.js HTTP/1.1" 304 0
[12/Aug/2025 13:59:00] "GET /static/admin/js/prepopulate.js HTTP/1.1" 304 0
[12/Aug/2025 13:59:00] "GET /static/admin/img/search.svg HTTP/1.1" 304 0
[12/Aug/2025 13:59:00] "GET /static/admin/img/icon-yes.svg HTTP/1.1" 304 0
[12/Aug/2025 13:59:00] "GET /static/admin/js/vendor/jquery/jquery.js HTTP/1.1" 200 285314
[12/Aug/2025 13:59:00] "GET /static/admin/js/vendor/xregexp/xregexp.js HTTP/1.1" 200 325171
[12/Aug/2025 13:59:00] "GET /static/admin/js/filters.js HTTP/1.1" 304 0
[12/Aug/2025 13:59:00] "GET /static/admin/img/icon-no.svg HTTP/1.1" 304 0
[12/Aug/2025 13:59:00] "GET /admin/jsi18n/ HTTP/1.1" 200 9498
[12/Aug/2025 13:59:00] "GET /static/admin/img/sorting-icons.svg HTTP/1.1" 304 0
[12/Aug/2025 13:59:00] "GET /static/admin/img/icon-viewlink.svg HTTP/1.1" 304 0
[12/Aug/2025 13:59:00] "GET /static/admin/img/icon-addlink.svg HTTP/1.1" 304 0
[12/Aug/2025 13:59:00] "GET /static/admin/img/tooltag-add.svg HTTP/1.1" 304 0
[12/Aug/2025 13:59:18] "GET /admin/pacientes/paciente/ HTTP/1.1" 200 30350
[12/Aug/2025 13:59:18] "GET /admin/jsi18n/ HTTP/1.1" 200 9498
[12/Aug/2025 14:00:03] "GET /admin/medicos/medico/ HTTP/1.1" 200 28712
[12/Aug/2025 14:00:03] "GET /admin/jsi18n/ HTTP/1.1" 200 9498
[12/Aug/2025 14:00:23] "GET /admin/pacientes/paciente/ HTTP/1.1" 200 30350
[12/Aug/2025 14:00:23] "GET /admin/jsi18n/ HTTP/1.1" 200 9498
[12/Aug/2025 14:00:28] "GET /admin/pacientes/paciente/10/change/ HTTP/1.1" 200 27952
[12/Aug/2025 14:00:29] "GET /static/admin/css/forms.css HTTP/1.1" 304 0
[12/Aug/2025 14:00:29] "GET /static/admin/js/prepopulate_init.js HTTP/1.1" 304 0
[12/Aug/2025 14:00:29] "GET /static/admin/css/widgets.css HTTP/1.1" 304 0
[12/Aug/2025 14:00:29] "GET /static/admin/img/icon-changelink.svg HTTP/1.1" 304 0
[12/Aug/2025 14:00:29] "GET /static/admin/js/change_form.js HTTP/1.1" 304 0
[12/Aug/2025 14:00:29] "GET /admin/jsi18n/ HTTP/1.1" 200 9498
[12/Aug/2025 14:00:31] "GET /admin/pacientes/paciente/ HTTP/1.1" 200 30350
[12/Aug/2025 14:01:35] "POST /admin/pacientes/paciente/ HTTP/1.1" 200 21353
[12/Aug/2025 14:01:35] "GET /static/admin/js/cancel.js HTTP/1.1" 200 884
[12/Aug/2025 14:01:37] "POST /admin/pacientes/paciente/ HTTP/1.1" 302 0
[12/Aug/2025 14:01:38] "GET /admin/pacientes/paciente/ HTTP/1.1" 200 28337
[12/Aug/2025 14:01:38] "GET /admin/jsi18n/ HTTP/1.1" 200 9498
[12/Aug/2025 14:01:43] "GET /admin/usuarios/user/ HTTP/1.1" 200 38214
[12/Aug/2025 14:01:43] "GET /admin/jsi18n/ HTTP/1.1" 200 9498
[12/Aug/2025 14:02:35] "POST /admin/usuarios/user/ HTTP/1.1" 200 21638
[12/Aug/2025 14:02:37] "POST /admin/usuarios/user/ HTTP/1.1" 302 0
[12/Aug/2025 14:02:37] "GET /admin/usuarios/user/ HTTP/1.1" 200 36502
[12/Aug/2025 14:02:37] "GET /admin/jsi18n/ HTTP/1.1" 200 9498
[12/Aug/2025 14:03:05] "POST /admin/usuarios/user/ HTTP/1.1" 200 20960
[12/Aug/2025 14:03:07] "POST /admin/usuarios/user/ HTTP/1.1" 302 0
[12/Aug/2025 14:03:07] "GET /admin/usuarios/user/ HTTP/1.1" 200 35890
[12/Aug/2025 14:03:07] "GET /admin/jsi18n/ HTTP/1.1" 200 9498
[12/Aug/2025 14:03:53] "POST /admin/usuarios/user/ HTTP/1.1" 200 20963
[12/Aug/2025 14:03:55] "POST /admin/usuarios/user/ HTTP/1.1" 302 0
[12/Aug/2025 14:03:55] "GET /admin/usuarios/user/ HTTP/1.1" 200 35285
[12/Aug/2025 14:03:55] "GET /admin/jsi18n/ HTTP/1.1" 200 9498
[12/Aug/2025 14:03:57] "GET /admin/usuarios/user/1/change/ HTTP/1.1" 200 67689
[12/Aug/2025 14:03:57] "GET /static/admin/js/inlines.js HTTP/1.1" 304 0
[12/Aug/2025 14:03:57] "GET /static/admin/js/SelectBox.js HTTP/1.1" 304 0
[12/Aug/2025 14:03:57] "GET /static/admin/js/admin/DateTimeShortcuts.js HTTP/1.1" 304 0
[12/Aug/2025 14:03:57] "GET /static/admin/js/SelectFilter2.js HTTP/1.1" 304 0
[12/Aug/2025 14:03:57] "GET /static/admin/js/calendar.js HTTP/1.1" 304 0
[12/Aug/2025 14:03:57] "GET /admin/jsi18n/ HTTP/1.1" 200 9498
[12/Aug/2025 14:03:57] "GET /static/admin/img/inline-delete.svg HTTP/1.1" 304 0
[12/Aug/2025 14:03:58] "GET /static/admin/img/selector-icons.svg HTTP/1.1" 304 0
[12/Aug/2025 14:03:58] "GET /static/admin/img/icon-clock.svg HTTP/1.1" 304 0
[12/Aug/2025 14:03:58] "GET /static/admin/img/icon-calendar.svg HTTP/1.1" 304 0
[12/Aug/2025 14:04:07] "POST /admin/usuarios/user/1/change/ HTTP/1.1" 302 0
[12/Aug/2025 14:04:07] "GET /admin/usuarios/user/ HTTP/1.1" 200 35361
[12/Aug/2025 14:04:07] "GET /admin/jsi18n/ HTTP/1.1" 200 9498
[12/Aug/2025 14:05:52] "GET /api/auth/current-user/ HTTP/1.1" 200 209
[12/Aug/2025 14:05:54] "GET /api/turnos/ HTTP/1.1" 200 52
[12/Aug/2025 14:05:54] "GET /api/pacientes/ HTTP/1.1" 200 1977
[12/Aug/2025 14:05:54] "GET /api/medicos/ HTTP/1.1" 200 2223
[12/Aug/2025 14:05:55] "GET /api/especialidades/ HTTP/1.1" 200 1727
Forbidden: /api/auth/current-user/
[12/Aug/2025 14:05:55] "GET /api/auth/current-user/ HTTP/1.1" 403 65
Forbidden: /api/auth/current-user/
[12/Aug/2025 14:05:55] "GET /api/auth/current-user/ HTTP/1.1" 403 65
[12/Aug/2025 14:07:06] "OPTIONS /api/turnos/ HTTP/1.1" 200 0
Forbidden: /api/turnos/
[12/Aug/2025 14:07:06] "POST /api/turnos/ HTTP/1.1" 403 45
Forbidden: /api/turnos/
[12/Aug/2025 14:08:16] "POST /api/turnos/ HTTP/1.1" 403 45
Forbidden: /api/auth/current-user/
[12/Aug/2025 14:09:13] "GET /api/auth/current-user/ HTTP/1.1" 403 65
Forbidden: /api/auth/current-user/
[12/Aug/2025 14:09:13] "GET /api/auth/current-user/ HTTP/1.1" 403 65
[12/Aug/2025 14:09:20] "GET /api/auth/current-user/ HTTP/1.1" 200 209
[12/Aug/2025 14:09:21] "GET /api/turnos/ HTTP/1.1" 200 52
[12/Aug/2025 14:09:22] "GET /api/pacientes/ HTTP/1.1" 200 1977
[12/Aug/2025 14:09:22] "GET /api/medicos/ HTTP/1.1" 200 2223
[12/Aug/2025 14:09:23] "GET /api/especialidades/ HTTP/1.1" 200 1727
Forbidden: /api/auth/current-user/
[12/Aug/2025 14:09:23] "GET /api/auth/current-user/ HTTP/1.1" 403 65
Forbidden: /api/auth/current-user/
[12/Aug/2025 14:09:23] "GET /api/auth/current-user/ HTTP/1.1" 403 65
Forbidden: /api/auth/current-user/
[12/Aug/2025 14:09:29] "GET /api/auth/current-user/ HTTP/1.1" 403 65
Forbidden: /api/auth/current-user/
[12/Aug/2025 14:09:29] "GET /api/auth/current-user/ HTTP/1.1" 403 65
Forbidden: /api/auth/current-user/
[12/Aug/2025 14:09:43] "GET /api/auth/current-user/ HTTP/1.1" 403 65
Forbidden: /api/auth/current-user/
[12/Aug/2025 14:09:43] "GET /api/auth/current-user/ HTTP/1.1" 403 65
Forbidden: /api/auth/current-user/
[12/Aug/2025 14:09:55] "GET /api/auth/current-user/ HTTP/1.1" 403 65
Forbidden: /api/auth/current-user/
[12/Aug/2025 14:09:55] "GET /api/auth/current-user/ HTTP/1.1" 403 65
[12/Aug/2025 14:09:58] "OPTIONS /api/auth/login/ HTTP/1.1" 200 0
[12/Aug/2025 14:09:59] "POST /api/auth/login/ HTTP/1.1" 200 231
Forbidden: /api/auth/current-user/
[12/Aug/2025 14:10:00] "GET /api/auth/current-user/ HTTP/1.1" 403 65
[12/Aug/2025 14:10:00] "GET /api/medicos/ HTTP/1.1" 200 2223
[12/Aug/2025 14:10:01] "GET /api/especialidades/ HTTP/1.1" 200 1727
Forbidden: /api/pacientes/
[12/Aug/2025 14:10:01] "GET /api/pacientes/ HTTP/1.1" 403 65
Forbidden: /api/turnos/
[12/Aug/2025 14:10:01] "GET /api/turnos/ HTTP/1.1" 403 65
[12/Aug/2025 14:11:23] "POST /api/auth/login/ HTTP/1.1" 200 231
[12/Aug/2025 14:11:24] "GET /api/ HTTP/1.1" 200 685
[12/Aug/2025 14:11:24] "GET /api/pacientes/ HTTP/1.1" 200 1977
[12/Aug/2025 14:11:25] "GET /api/medicos/ HTTP/1.1" 200 2223
[12/Aug/2025 14:11:25] "GET /api/especialidades/ HTTP/1.1" 200 1727
[12/Aug/2025 14:11:25] "POST /api/turnos/ HTTP/1.1" 201 370
[12/Aug/2025 14:13:17] "GET /api/auth/current-user/ HTTP/1.1" 200 209
[12/Aug/2025 14:13:18] "GET /api/turnos/ HTTP/1.1" 200 1302
[12/Aug/2025 14:13:18] "GET /api/pacientes/ HTTP/1.1" 200 1977
[12/Aug/2025 14:13:19] "GET /api/medicos/ HTTP/1.1" 200 2223
Forbidden: /api/auth/current-user/
Forbidden: /api/auth/current-user/
[12/Aug/2025 14:13:19] "GET /api/auth/current-user/ HTTP/1.1" 403 65
[12/Aug/2025 14:13:19] "GET /api/auth/current-user/ HTTP/1.1" 403 65
[12/Aug/2025 14:13:19] "GET /api/especialidades/ HTTP/1.1" 200 1727
[12/Aug/2025 14:13:57] "GET /api/ HTTP/1.1" 200 685
[12/Aug/2025 14:13:57] "POST /api/turnos/ HTTP/1.1" 201 346
[12/Aug/2025 14:13:57] "GET /api/turnos/ HTTP/1.1" 200 2560
[12/Aug/2025 14:13:57] "GET /api/pacientes/ HTTP/1.1" 200 1977
[12/Aug/2025 14:13:57] "GET /api/medicos/ HTTP/1.1" 200 2223
[12/Aug/2025 14:13:58] "GET /api/especialidades/ HTTP/1.1" 200 1727
[12/Aug/2025 14:14:36] "OPTIONS /api/turnos/2/ HTTP/1.1" 200 0
Forbidden: /api/turnos/2/
[12/Aug/2025 14:14:36] "DELETE /api/turnos/2/ HTTP/1.1" 403 45
[12/Aug/2025 14:14:43] "GET /api/auth/current-user/ HTTP/1.1" 200 209
[12/Aug/2025 14:14:44] "GET /api/turnos/ HTTP/1.1" 200 2560
[12/Aug/2025 14:14:45] "GET /api/pacientes/ HTTP/1.1" 200 1977
[12/Aug/2025 14:14:45] "GET /api/medicos/ HTTP/1.1" 200 2223
Forbidden: /api/auth/current-user/
[12/Aug/2025 14:14:45] "GET /api/auth/current-user/ HTTP/1.1" 403 65
Forbidden: /api/auth/current-user/
[12/Aug/2025 14:14:45] "GET /api/auth/current-user/ HTTP/1.1" 403 65
[12/Aug/2025 14:14:45] "GET /api/especialidades/ HTTP/1.1" 200 1727
[12/Aug/2025 14:15:02] "OPTIONS /api/turnos/3/ HTTP/1.1" 200 0
Forbidden: /api/turnos/3/
[12/Aug/2025 14:15:02] "DELETE /api/turnos/3/ HTTP/1.1" 403 45
Forbidden: /api/turnos/2/
[12/Aug/2025 14:15:08] "DELETE /api/turnos/2/ HTTP/1.1" 403 45
[12/Aug/2025 14:15:11] "GET /api/auth/current-user/ HTTP/1.1" 200 209
[12/Aug/2025 14:15:12] "GET /api/turnos/ HTTP/1.1" 200 2560
[12/Aug/2025 14:15:12] "GET /api/pacientes/ HTTP/1.1" 200 1977
[12/Aug/2025 14:15:13] "GET /api/medicos/ HTTP/1.1" 200 2223
[12/Aug/2025 14:15:13] "GET /api/especialidades/ HTTP/1.1" 200 1727
Forbidden: /api/auth/current-user/
[12/Aug/2025 14:15:13] "GET /api/auth/current-user/ HTTP/1.1" 403 65
Forbidden: /api/auth/current-user/
[12/Aug/2025 14:15:13] "GET /api/auth/current-user/ HTTP/1.1" 403 65
[12/Aug/2025 14:15:17] "GET /api/auth/current-user/ HTTP/1.1" 200 209
[12/Aug/2025 14:15:18] "GET /api/turnos/ HTTP/1.1" 200 2560
[12/Aug/2025 14:15:18] "GET /api/pacientes/ HTTP/1.1" 200 1977
[12/Aug/2025 14:15:19] "GET /api/medicos/ HTTP/1.1" 200 2223
[12/Aug/2025 14:15:19] "GET /api/especialidades/ HTTP/1.1" 200 1727
Forbidden: /api/auth/current-user/
[12/Aug/2025 14:15:19] "GET /api/auth/current-user/ HTTP/1.1" 403 65
Forbidden: /api/auth/current-user/
[12/Aug/2025 14:15:19] "GET /api/auth/current-user/ HTTP/1.1" 403 65
[12/Aug/2025 14:16:02] "GET /api/ HTTP/1.1" 200 685
[12/Aug/2025 14:16:02] "POST /api/turnos/ HTTP/1.1" 201 351
[12/Aug/2025 14:16:03] "GET /api/turnos/ HTTP/1.1" 200 3760
[12/Aug/2025 14:16:03] "GET /api/pacientes/ HTTP/1.1" 200 1977
[12/Aug/2025 14:16:03] "GET /api/medicos/ HTTP/1.1" 200 2223
[12/Aug/2025 14:16:03] "GET /api/especialidades/ HTTP/1.1" 200 1727
[12/Aug/2025 14:16:22] "GET /api/pacientes/ HTTP/1.1" 200 1977
[12/Aug/2025 14:16:22] "GET /api/medicos/ HTTP/1.1" 200 2223
[12/Aug/2025 14:16:22] "GET /api/especialidades/ HTTP/1.1" 200 1727
[12/Aug/2025 14:16:22] "GET /api/ HTTP/1.1" 200 685
[12/Aug/2025 14:16:23] "POST /api/turnos/ HTTP/1.1" 201 372
[12/Aug/2025 14:16:32] "GET /api/auth/current-user/ HTTP/1.1" 200 209
[12/Aug/2025 14:16:34] "GET /api/turnos/ HTTP/1.1" 200 5013
[12/Aug/2025 14:16:34] "GET /api/pacientes/ HTTP/1.1" 200 1977
Forbidden: /api/auth/current-user/
[12/Aug/2025 14:16:34] "GET /api/auth/current-user/ HTTP/1.1" 403 65
Forbidden: /api/auth/current-user/
[12/Aug/2025 14:16:34] "GET /api/auth/current-user/ HTTP/1.1" 403 65
[12/Aug/2025 14:16:34] "GET /api/medicos/ HTTP/1.1" 200 2223
[12/Aug/2025 14:16:35] "GET /api/especialidades/ HTTP/1.1" 200 1727
[12/Aug/2025 14:17:25] "GET /api/ HTTP/1.1" 200 685
[12/Aug/2025 14:17:25] "OPTIONS /api/turnos/5/ HTTP/1.1" 200 0
[12/Aug/2025 14:17:25] "PUT /api/turnos/5/ HTTP/1.1" 200 372
[12/Aug/2025 14:17:25] "GET /api/turnos/ HTTP/1.1" 200 5027
[12/Aug/2025 14:17:25] "GET /api/pacientes/ HTTP/1.1" 200 1977
[12/Aug/2025 14:17:25] "GET /api/medicos/ HTTP/1.1" 200 2223
[12/Aug/2025 14:17:26] "GET /api/especialidades/ HTTP/1.1" 200 1727
[12/Aug/2025 14:17:48] "GET /api/ HTTP/1.1" 200 685
[12/Aug/2025 14:17:48] "PUT /api/turnos/5/ HTTP/1.1" 200 353
[12/Aug/2025 14:17:48] "GET /api/turnos/ HTTP/1.1" 200 5008
[12/Aug/2025 14:17:48] "GET /api/pacientes/ HTTP/1.1" 200 1977
[12/Aug/2025 14:17:48] "GET /api/medicos/ HTTP/1.1" 200 2223
[12/Aug/2025 14:17:49] "GET /api/especialidades/ HTTP/1.1" 200 1727
[12/Aug/2025 14:18:04] "GET /api/ HTTP/1.1" 200 685
[12/Aug/2025 14:18:04] "PUT /api/turnos/5/ HTTP/1.1" 200 352
[12/Aug/2025 14:18:04] "GET /api/turnos/ HTTP/1.1" 200 5016
[12/Aug/2025 14:18:05] "GET /api/pacientes/ HTTP/1.1" 200 1977
[12/Aug/2025 14:18:05] "GET /api/medicos/ HTTP/1.1" 200 2223
[12/Aug/2025 14:18:05] "GET /api/especialidades/ HTTP/1.1" 200 1727
Forbidden: /api/auth/current-user/
[12/Aug/2025 14:19:04] "GET /api/auth/current-user/ HTTP/1.1" 403 65
Forbidden: /api/auth/current-user/
[12/Aug/2025 14:19:04] "GET /api/auth/current-user/ HTTP/1.1" 403 65
Forbidden: /api/auth/current-user/
[12/Aug/2025 14:19:16] "GET /api/auth/current-user/ HTTP/1.1" 403 65
Forbidden: /api/auth/current-user/
[12/Aug/2025 14:19:17] "GET /api/auth/current-user/ HTTP/1.1" 403 65
Forbidden: /api/auth/current-user/
[12/Aug/2025 14:19:31] "GET /api/auth/current-user/ HTTP/1.1" 403 65
Forbidden: /api/auth/current-user/
[12/Aug/2025 14:19:31] "GET /api/auth/current-user/ HTTP/1.1" 403 65
[12/Aug/2025 14:20:08] "POST /api/auth/login/ HTTP/1.1" 200 231
[12/Aug/2025 14:20:09] "GET /api/ HTTP/1.1" 200 685
[12/Aug/2025 14:20:09] "GET /api/turnos/ HTTP/1.1" 200 5016
[12/Aug/2025 14:20:09] "DELETE /api/turnos/3/ HTTP/1.1" 204 0
Not Found: /api/turnos/3/
[12/Aug/2025 14:20:09] "GET /api/turnos/3/ HTTP/1.1" 404 46
[12/Aug/2025 14:22:12] "POST /api/auth/login/ HTTP/1.1" 200 231
[12/Aug/2025 14:22:12] "GET /api/ HTTP/1.1" 200 685
[12/Aug/2025 14:22:12] "GET /api/pacientes/ HTTP/1.1" 200 1977
[12/Aug/2025 14:22:13] "GET /api/medicos/ HTTP/1.1" 200 2223
[12/Aug/2025 14:22:13] "GET /api/especialidades/ HTTP/1.1" 200 1727
[12/Aug/2025 14:22:13] "POST /api/turnos/ HTTP/1.1" 201 373
[12/Aug/2025 14:22:13] "GET /api/turnos/6/ HTTP/1.1" 200 1253
Bad Request: /api/turnos/6/
[12/Aug/2025 14:22:13] "PUT /api/turnos/6/ HTTP/1.1" 400 50
[12/Aug/2025 14:22:13] "DELETE /api/turnos/6/ HTTP/1.1" 204 0
Not Found: /api/turnos/6/
[12/Aug/2025 14:22:13] "GET /api/turnos/6/ HTTP/1.1" 404 46
[12/Aug/2025 14:22:53] "GET /api/auth/current-user/ HTTP/1.1" 200 209
[12/Aug/2025 14:22:54] "GET /api/turnos/ HTTP/1.1" 200 3758
[12/Aug/2025 14:22:55] "GET /api/pacientes/ HTTP/1.1" 200 1977
[12/Aug/2025 14:22:55] "GET /api/medicos/ HTTP/1.1" 200 2223
[12/Aug/2025 14:22:56] "GET /api/especialidades/ HTTP/1.1" 200 1727
Forbidden: /api/auth/current-user/
[12/Aug/2025 14:22:56] "GET /api/auth/current-user/ HTTP/1.1" 403 65
Forbidden: /api/auth/current-user/
[12/Aug/2025 14:22:56] "GET /api/auth/current-user/ HTTP/1.1" 403 65
[12/Aug/2025 14:23:11] "GET /api/ HTTP/1.1" 200 685
[12/Aug/2025 14:23:11] "DELETE /api/turnos/5/ HTTP/1.1" 204 0
[12/Aug/2025 14:23:12] "GET /api/turnos/ HTTP/1.1" 200 2502
[12/Aug/2025 14:23:12] "GET /api/pacientes/ HTTP/1.1" 200 1977
[12/Aug/2025 14:23:12] "GET /api/medicos/ HTTP/1.1" 200 2223
[12/Aug/2025 14:23:13] "GET /api/especialidades/ HTTP/1.1" 200 1727
[12/Aug/2025 14:23:28] "GET /api/ HTTP/1.1" 200 685
[12/Aug/2025 14:23:28] "DELETE /api/turnos/2/ HTTP/1.1" 204 0
[12/Aug/2025 14:23:28] "GET /api/turnos/ HTTP/1.1" 200 1251
[12/Aug/2025 14:23:29] "GET /api/pacientes/ HTTP/1.1" 200 1977
[12/Aug/2025 14:23:29] "GET /api/medicos/ HTTP/1.1" 200 2223
[12/Aug/2025 14:23:29] "GET /api/especialidades/ HTTP/1.1" 200 1727
Forbidden: /api/auth/current-user/
[12/Aug/2025 14:25:34] "GET /api/auth/current-user/ HTTP/1.1" 403 65
Forbidden: /api/auth/current-user/
[12/Aug/2025 14:25:34] "GET /api/auth/current-user/ HTTP/1.1" 403 65
Forbidden: /api/auth/current-user/
[12/Aug/2025 14:25:42] "GET /api/auth/current-user/ HTTP/1.1" 403 65
Forbidden: /api/auth/current-user/
[12/Aug/2025 14:25:42] "GET /api/auth/current-user/ HTTP/1.1" 403 65
Forbidden: /api/auth/current-user/
[12/Aug/2025 14:26:08] "GET /api/auth/current-user/ HTTP/1.1" 403 65
Forbidden: /api/auth/current-user/
[12/Aug/2025 14:26:08] "GET /api/auth/current-user/ HTTP/1.1" 403 65
Forbidden: /api/auth/current-user/
[12/Aug/2025 14:26:39] "GET /api/auth/current-user/ HTTP/1.1" 403 65
Forbidden: /api/auth/current-user/
[12/Aug/2025 14:27:34] "GET /api/auth/current-user/ HTTP/1.1" 403 65
Forbidden: /api/auth/current-user/
[12/Aug/2025 14:27:34] "GET /api/auth/current-user/ HTTP/1.1" 403 65
Forbidden: /api/auth/current-user/
[12/Aug/2025 14:27:46] "GET /api/auth/current-user/ HTTP/1.1" 403 65
Forbidden: /api/auth/current-user/
[12/Aug/2025 14:27:46] "GET /api/auth/current-user/ HTTP/1.1" 403 65
Forbidden: /api/auth/current-user/
[12/Aug/2025 14:27:58] "GET /api/auth/current-user/ HTTP/1.1" 403 65
[12/Aug/2025 14:30:15] "POST /api/auth/login/ HTTP/1.1" 200 231
[12/Aug/2025 14:30:16] "GET /api/ HTTP/1.1" 200 685
[12/Aug/2025 14:30:16] "GET /api/pacientes/ HTTP/1.1" 200 1977
[12/Aug/2025 14:30:17] "GET /api/medicos/ HTTP/1.1" 200 2223
[12/Aug/2025 14:30:17] "GET /api/especialidades/ HTTP/1.1" 200 1727
[12/Aug/2025 14:30:17] "POST /api/turnos/ HTTP/1.1" 201 360
[12/Aug/2025 14:30:18] "POST /api/turnos/ HTTP/1.1" 201 360
[12/Aug/2025 14:30:19] "POST /api/turnos/ HTTP/1.1" 201 360
[12/Aug/2025 14:30:19] "DELETE /api/turnos/7/ HTTP/1.1" 204 0
[12/Aug/2025 14:30:19] "DELETE /api/turnos/8/ HTTP/1.1" 204 0
[12/Aug/2025 14:30:20] "DELETE /api/turnos/9/ HTTP/1.1" 204 0
Not Found: /api/turnos/7/
[12/Aug/2025 14:30:20] "GET /api/turnos/7/ HTTP/1.1" 404 46
Not Found: /api/turnos/8/
[12/Aug/2025 14:30:20] "GET /api/turnos/8/ HTTP/1.1" 404 46
Not Found: /api/turnos/9/
[12/Aug/2025 14:30:20] "GET /api/turnos/9/ HTTP/1.1" 404 46
[12/Aug/2025 14:36:24] "GET /api/auth/current-user/ HTTP/1.1" 200 209
[12/Aug/2025 14:36:26] "GET /api/turnos/ HTTP/1.1" 200 1251
[12/Aug/2025 14:36:26] "GET /api/pacientes/ HTTP/1.1" 200 1977
[12/Aug/2025 14:36:26] "GET /api/medicos/ HTTP/1.1" 200 2223
[12/Aug/2025 14:36:27] "GET /api/especialidades/ HTTP/1.1" 200 1727
Forbidden: /api/auth/current-user/
[12/Aug/2025 14:37:10] "GET /api/auth/current-user/ HTTP/1.1" 403 65
Forbidden: /api/auth/current-user/
[12/Aug/2025 14:37:10] "GET /api/auth/current-user/ HTTP/1.1" 403 65
[12/Aug/2025 14:37:28] "GET /api/auth/current-user/ HTTP/1.1" 200 209
[12/Aug/2025 14:37:29] "GET /api/turnos/ HTTP/1.1" 200 1251
[12/Aug/2025 14:37:30] "GET /api/pacientes/ HTTP/1.1" 200 1977
Forbidden: /api/auth/current-user/
[12/Aug/2025 14:37:30] "GET /api/auth/current-user/ HTTP/1.1" 403 65
Forbidden: /api/auth/current-user/
[12/Aug/2025 14:37:30] "GET /api/auth/current-user/ HTTP/1.1" 403 65
[12/Aug/2025 14:37:30] "GET /api/medicos/ HTTP/1.1" 200 2223
[12/Aug/2025 14:37:30] "GET /api/especialidades/ HTTP/1.1" 200 1727
[12/Aug/2025 14:37:38] "GET /api/ HTTP/1.1" 200 685
[12/Aug/2025 14:37:38] "OPTIONS /api/turnos/4/ HTTP/1.1" 200 0
[12/Aug/2025 14:37:38] "DELETE /api/turnos/4/ HTTP/1.1" 204 0
[12/Aug/2025 14:38:06] "GET /api/ HTTP/1.1" 200 685
[12/Aug/2025 14:38:06] "POST /api/turnos/ HTTP/1.1" 201 349
[12/Aug/2025 15:21:17] "GET /api/ HTTP/1.1" 200 685
[12/Aug/2025 15:21:17] "OPTIONS /api/turnos/10/ HTTP/1.1" 200 0
[12/Aug/2025 15:21:17] "PUT /api/turnos/10/ HTTP/1.1" 200 349
[12/Aug/2025 15:22:34] "GET /api/auth/current-user/ HTTP/1.1" 200 209
[12/Aug/2025 15:22:35] "GET /api/turnos/ HTTP/1.1" 200 1281
[12/Aug/2025 15:22:36] "GET /api/pacientes/ HTTP/1.1" 200 1977
[12/Aug/2025 15:22:36] "GET /api/medicos/ HTTP/1.1" 200 2223
[12/Aug/2025 15:22:36] "GET /api/especialidades/ HTTP/1.1" 200 1727
[12/Aug/2025 15:23:06] "GET /api/ HTTP/1.1" 200 685
[12/Aug/2025 15:23:06] "POST /api/turnos/ HTTP/1.1" 201 347
[12/Aug/2025 15:23:26] "GET /api/auth/current-user/ HTTP/1.1" 200 209
[12/Aug/2025 15:23:27] "GET /api/turnos/ HTTP/1.1" 200 2523
[12/Aug/2025 15:23:27] "GET /api/pacientes/ HTTP/1.1" 200 1977
[12/Aug/2025 15:23:27] "GET /api/medicos/ HTTP/1.1" 200 2223
[12/Aug/2025 15:23:28] "GET /api/especialidades/ HTTP/1.1" 200 1727
[12/Aug/2025 15:24:22] "GET /api/ HTTP/1.1" 200 685
[12/Aug/2025 15:24:22] "POST /api/turnos/ HTTP/1.1" 201 348
[12/Aug/2025 15:24:30] "GET /api/auth/current-user/ HTTP/1.1" 200 209
[12/Aug/2025 15:24:31] "GET /api/turnos/ HTTP/1.1" 200 3763
[12/Aug/2025 15:24:31] "GET /api/pacientes/ HTTP/1.1" 200 1977
[12/Aug/2025 15:24:32] "GET /api/medicos/ HTTP/1.1" 200 2223
[12/Aug/2025 15:24:32] "GET /api/especialidades/ HTTP/1.1" 200 1727
[12/Aug/2025 15:28:02] "POST /api/auth/login/ HTTP/1.1" 200 231
[12/Aug/2025 15:28:02] "GET /api/ HTTP/1.1" 200 685
[12/Aug/2025 15:28:02] "GET /api/pacientes/ HTTP/1.1" 200 1977
[12/Aug/2025 15:28:02] "GET /api/medicos/ HTTP/1.1" 200 2223
[12/Aug/2025 15:28:02] "GET /api/especialidades/ HTTP/1.1" 200 1727
[12/Aug/2025 15:28:03] "POST /api/turnos/ HTTP/1.1" 201 372
[12/Aug/2025 15:28:03] "GET /api/turnos/13/ HTTP/1.1" 200 1252
[12/Aug/2025 15:28:03] "DELETE /api/turnos/13/ HTTP/1.1" 204 0
/Users/diegobaulde/Downloads/emr/api/serializers.py changed, reloading.
Performing system checks...

System check identified no issues (0 silenced).
August 12, 2025 - 13:58:13
Django version 5.2.5, using settings 'synesis.settings'
Starting development server at http://127.0.0.1:8000/
Quit the server with CONTROL-C.

WARNING: This is a development server. Do not use it in a production setting. Use a production WSGI or ASGI server instead.
For more information on production servers see: https://docs.djangoproject.com/en/5.2/howto/deployment/
=== DEBUG TURNO UPDATE ===
Request data: {'fecha_hora_inicio': '2025-08-15T08:00:00.000Z', 'motivo_consulta': 'Prueba de CSRF desde frontend', 'estado': 'DISPONIBLE', 'paciente': 11, 'medico': 4, 'especialidad': 17}
Request method: PUT
URL: /api/turnos/5/
=== DEBUG TURNO UPDATE ===
Request data: {'fecha_hora_inicio': '2025-08-15T05:00:00.000Z', 'motivo_consulta': 'Cualquiera', 'estado': 'DISPONIBLE', 'paciente': 11, 'medico': 4, 'especialidad': 17}
Request method: PUT
URL: /api/turnos/5/
=== DEBUG TURNO UPDATE ===
Request data: {'fecha_hora_inicio': '2025-08-15T02:00:00.000Z', 'motivo_consulta': 'Cualquiera', 'estado': 'DISPONIBLE', 'paciente': 3, 'medico': 4, 'especialidad': 17}
Request method: PUT
URL: /api/turnos/5/
=== DEBUG TURNO UPDATE ===
Request data: {'motivo_consulta': 'Motivo actualizado', 'estado': 'CONFIRMADO'}
Request method: PUT
URL: /api/turnos/6/
Error en update: {'fecha_hora_inicio': [ErrorDetail(string='Este campo es requerido.', code='required')]}
=== DEBUG TURNO UPDATE ===
Request data: {'fecha_hora_inicio': '2025-08-12T12:37:00.000Z', 'motivo_consulta': 'Dolor', 'estado': 'DISPONIBLE', 'paciente': 10, 'medico': 1, 'especialidad': 11}
Request method: PUT
URL: /api/turnos/10/
Watching for file changes with StatReloader
[12/Aug/2025 15:28:38] "POST /api/auth/login/ HTTP/1.1" 200 231
[12/Aug/2025 15:28:38] "GET /api/ HTTP/1.1" 200 685
[12/Aug/2025 15:28:39] "GET /api/pacientes/ HTTP/1.1" 200 1977
[12/Aug/2025 15:28:39] "GET /api/medicos/ HTTP/1.1" 200 2223
[12/Aug/2025 15:28:39] "GET /api/especialidades/ HTTP/1.1" 200 1727
[12/Aug/2025 15:28:39] "POST /api/turnos/ HTTP/1.1" 201 379
[12/Aug/2025 15:28:39] "GET /api/turnos/14/ HTTP/1.1" 200 379
[12/Aug/2025 15:28:39] "DELETE /api/turnos/14/ HTTP/1.1" 204 0
/Users/diegobaulde/Downloads/emr/api/serializers.py changed, reloading.
Performing system checks...

System check identified no issues (0 silenced).
August 12, 2025 - 15:28:26
Django version 5.2.5, using settings 'synesis.settings'
Starting development server at http://127.0.0.1:8000/
Quit the server with CONTROL-C.

WARNING: This is a development server. Do not use it in a production setting. Use a production WSGI or ASGI server instead.
For more information on production servers see: https://docs.djangoproject.com/en/5.2/howto/deployment/
Watching for file changes with StatReloader
[12/Aug/2025 15:30:04] "POST /api/auth/login/ HTTP/1.1" 200 231
[12/Aug/2025 15:30:04] "GET /api/ HTTP/1.1" 200 685
[12/Aug/2025 15:30:04] "GET /api/pacientes/ HTTP/1.1" 200 1977
[12/Aug/2025 15:30:04] "GET /api/medicos/ HTTP/1.1" 200 2223
[12/Aug/2025 15:30:04] "GET /api/especialidades/ HTTP/1.1" 200 1727
[12/Aug/2025 15:30:04] "POST /api/turnos/ HTTP/1.1" 201 379
[12/Aug/2025 15:30:05] "GET /api/turnos/15/ HTTP/1.1" 200 379
[12/Aug/2025 15:30:05] "DELETE /api/turnos/15/ HTTP/1.1" 204 0
[12/Aug/2025 15:30:26] "POST /api/auth/login/ HTTP/1.1" 200 231
[12/Aug/2025 15:30:26] "GET /api/ HTTP/1.1" 200 685
[12/Aug/2025 15:30:27] "GET /api/pacientes/ HTTP/1.1" 200 1977
[12/Aug/2025 15:30:27] "GET /api/medicos/ HTTP/1.1" 200 2223
[12/Aug/2025 15:30:28] "GET /api/especialidades/ HTTP/1.1" 200 1727
[12/Aug/2025 15:30:29] "POST /api/turnos/ HTTP/1.1" 201 1252
[12/Aug/2025 15:30:29] "GET /api/turnos/16/ HTTP/1.1" 200 1252
[12/Aug/2025 15:30:29] "DELETE /api/turnos/16/ HTTP/1.1" 204 0
/Users/diegobaulde/Downloads/emr/api/serializers.py changed, reloading.
Performing system checks...

System check identified no issues (0 silenced).
August 12, 2025 - 15:29:06
Django version 5.2.5, using settings 'synesis.settings'
Starting development server at http://127.0.0.1:8000/
Quit the server with CONTROL-C.

WARNING: This is a development server. Do not use it in a production setting. Use a production WSGI or ASGI server instead.
For more information on production servers see: https://docs.djangoproject.com/en/5.2/howto/deployment/
Watching for file changes with StatReloader
[12/Aug/2025 15:38:52] "GET /api/ HTTP/1.1" 200 685
[12/Aug/2025 15:38:52] "POST /api/turnos/ HTTP/1.1" 201 1218
[12/Aug/2025 15:39:34] "GET /api/ HTTP/1.1" 200 685
[12/Aug/2025 15:39:34] "OPTIONS /api/turnos/12/ HTTP/1.1" 200 0
[12/Aug/2025 15:39:34] "PUT /api/turnos/12/ HTTP/1.1" 200 1239
[12/Aug/2025 15:39:54] "GET /api/ HTTP/1.1" 200 685
[12/Aug/2025 15:39:54] "OPTIONS /api/auth/logout/ HTTP/1.1" 200 0
[12/Aug/2025 15:39:54] "POST /api/auth/logout/ HTTP/1.1" 200 28
[12/Aug/2025 15:39:57] "GET /api/ HTTP/1.1" 200 685
[12/Aug/2025 15:39:57] "OPTIONS /api/auth/login/ HTTP/1.1" 200 0
[12/Aug/2025 15:39:58] "POST /api/auth/login/ HTTP/1.1" 200 231
[12/Aug/2025 15:40:00] "GET /api/ HTTP/1.1" 200 685
[12/Aug/2025 15:40:01] "POST /api/auth/login/ HTTP/1.1" 200 231
[12/Aug/2025 15:40:04] "GET /api/auth/current-user/ HTTP/1.1" 200 196
[12/Aug/2025 15:40:06] "GET /api/turnos/ HTTP/1.1" 200 4982
[12/Aug/2025 15:40:06] "GET /api/pacientes/ HTTP/1.1" 200 1977
[12/Aug/2025 15:40:06] "GET /api/medicos/ HTTP/1.1" 200 2223
[12/Aug/2025 15:40:07] "GET /api/especialidades/ HTTP/1.1" 200 1727
[12/Aug/2025 15:50:06] "GET /api/ HTTP/1.1" 200 685
[12/Aug/2025 15:50:06] "POST /api/auth/logout/ HTTP/1.1" 200 28
[12/Aug/2025 15:54:23] "GET /api/ HTTP/1.1" 200 685
[12/Aug/2025 15:54:26] "POST /api/auth/login/ HTTP/1.1" 200 231
[12/Aug/2025 15:54:33] "GET /api/ HTTP/1.1" 200 685
[12/Aug/2025 15:54:34] "POST /api/auth/login/ HTTP/1.1" 200 231
[12/Aug/2025 15:54:36] "GET /api/ HTTP/1.1" 200 685
[12/Aug/2025 15:54:38] "POST /api/auth/login/ HTTP/1.1" 200 231
[12/Aug/2025 15:54:43] "GET /api/auth/current-user/ HTTP/1.1" 200 196
[12/Aug/2025 15:54:44] "GET /api/turnos/ HTTP/1.1" 200 4982
[12/Aug/2025 15:54:45] "GET /api/pacientes/ HTTP/1.1" 200 1977
[12/Aug/2025 15:54:45] "GET /api/medicos/ HTTP/1.1" 200 2223
[12/Aug/2025 15:54:45] "GET /api/especialidades/ HTTP/1.1" 200 1727
[12/Aug/2025 15:54:55] "GET /api/ HTTP/1.1" 200 685
[12/Aug/2025 15:54:56] "POST /api/auth/logout/ HTTP/1.1" 200 28
[12/Aug/2025 15:55:01] "GET /api/ HTTP/1.1" 200 685
[12/Aug/2025 15:55:02] "POST /api/auth/login/ HTTP/1.1" 200 244
[12/Aug/2025 15:55:03] "GET /api/ HTTP/1.1" 200 685
[12/Aug/2025 15:55:04] "POST /api/auth/login/ HTTP/1.1" 200 244
[12/Aug/2025 15:55:09] "GET /api/auth/current-user/ HTTP/1.1" 200 209
[12/Aug/2025 15:55:10] "GET /api/turnos/ HTTP/1.1" 200 4982
[12/Aug/2025 15:55:11] "GET /api/pacientes/ HTTP/1.1" 200 1977
[12/Aug/2025 15:55:11] "GET /api/medicos/ HTTP/1.1" 200 2223
[12/Aug/2025 15:55:11] "GET /api/especialidades/ HTTP/1.1" 200 1727
[12/Aug/2025 15:55:18] "GET /admin/usuarios/user/ HTTP/1.1" 200 35152
[12/Aug/2025 15:55:19] "GET /admin/jsi18n/ HTTP/1.1" 200 9498
[12/Aug/2025 15:55:34] "GET /api/ HTTP/1.1" 200 685
[12/Aug/2025 15:55:35] "POST /api/auth/logout/ HTTP/1.1" 200 28
[12/Aug/2025 15:55:44] "GET /api/ HTTP/1.1" 200 685
[12/Aug/2025 15:55:45] "POST /api/auth/login/ HTTP/1.1" 200 222
[12/Aug/2025 15:55:53] "GET /api/auth/current-user/ HTTP/1.1" 200 187
[12/Aug/2025 15:55:54] "GET /api/turnos/ HTTP/1.1" 200 2521
[12/Aug/2025 15:55:54] "GET /api/pacientes/ HTTP/1.1" 200 1977
[12/Aug/2025 15:55:55] "GET /api/medicos/ HTTP/1.1" 200 2223
[12/Aug/2025 15:55:55] "GET /api/especialidades/ HTTP/1.1" 200 1727
[12/Aug/2025 16:00:23] "GET /api/ HTTP/1.1" 200 685
[12/Aug/2025 16:00:50] "POST /api/auth/login/ HTTP/1.1" 200 231
Forbidden: /api/auth/login/
[12/Aug/2025 16:00:50] "POST /api/auth/login/ HTTP/1.1" 403 45
Forbidden: /api/auth/login/
[12/Aug/2025 16:00:50] "POST /api/auth/login/ HTTP/1.1" 403 45
Forbidden: /api/auth/login/
[12/Aug/2025 16:00:51] "POST /api/auth/login/ HTTP/1.1" 403 45
[12/Aug/2025 16:00:51] "GET /api/auth/current-user/ HTTP/1.1" 200 196
/Users/diegobaulde/Downloads/emr/api/views.py changed, reloading.
Performing system checks...

System check identified no issues (0 silenced).
August 12, 2025 - 15:33:55
Django version 5.2.5, using settings 'synesis.settings'
Starting development server at http://127.0.0.1:8000/
Quit the server with CONTROL-C.

WARNING: This is a development server. Do not use it in a production setting. Use a production WSGI or ASGI server instead.
For more information on production servers see: https://docs.djangoproject.com/en/5.2/howto/deployment/
=== DEBUG TURNO UPDATE ===
Request data: {'fecha_hora_inicio': '2025-08-16T12:24:00.000Z', 'motivo_consulta': 'panza', 'estado': 'REAGENDADO', 'paciente_id': 4, 'medico_id': 1, 'especialidad_id': 14}
Request method: PUT
URL: /api/turnos/12/
Watching for file changes with StatReloader
/Users/diegobaulde/Downloads/emr/api/views.py changed, reloading.
Performing system checks...

System check identified no issues (0 silenced).
August 12, 2025 - 16:01:33
Django version 5.2.5, using settings 'synesis.settings'
Starting development server at http://127.0.0.1:8000/
Quit the server with CONTROL-C.

WARNING: This is a development server. Do not use it in a production setting. Use a production WSGI or ASGI server instead.
For more information on production servers see: https://docs.djangoproject.com/en/5.2/howto/deployment/
Watching for file changes with StatReloader
[12/Aug/2025 16:07:30] "POST /api/auth/login/ HTTP/1.1" 200 250
Forbidden: /api/auth/login/
[12/Aug/2025 16:07:30] "POST /api/auth/login/ HTTP/1.1" 403 45
Forbidden: /api/auth/login/
[12/Aug/2025 16:07:30] "POST /api/auth/login/ HTTP/1.1" 403 45
Forbidden: /api/auth/login/
[12/Aug/2025 16:07:30] "POST /api/auth/login/ HTTP/1.1" 403 45
[12/Aug/2025 16:07:30] "GET /api/auth/current-user/ HTTP/1.1" 200 215
[12/Aug/2025 16:11:44] "GET /api/ HTTP/1.1" 200 685
[12/Aug/2025 16:11:44] "POST /api/auth/logout/ HTTP/1.1" 200 28
[12/Aug/2025 16:12:00] "GET /api/ HTTP/1.1" 200 685
[12/Aug/2025 16:12:02] "POST /api/auth/login/ HTTP/1.1" 200 237
[12/Aug/2025 16:12:11] "GET /api/auth/current-user/ HTTP/1.1" 200 202
[12/Aug/2025 16:12:13] "GET /api/turnos/ HTTP/1.1" 200 2521
[12/Aug/2025 16:12:14] "GET /api/pacientes/ HTTP/1.1" 200 1977
[12/Aug/2025 16:12:15] "GET /api/medicos/ HTTP/1.1" 200 2223
[12/Aug/2025 16:12:15] "GET /api/especialidades/ HTTP/1.1" 200 1727
[12/Aug/2025 16:12:17] "GET /api/ HTTP/1.1" 200 685
[12/Aug/2025 16:12:17] "POST /api/auth/logout/ HTTP/1.1" 200 28
[12/Aug/2025 16:12:19] "GET /api/ HTTP/1.1" 200 685
[12/Aug/2025 16:12:21] "POST /api/auth/login/ HTTP/1.1" 200 258
/Users/diegobaulde/Downloads/emr/api/views.py changed, reloading.
Performing system checks...

System check identified no issues (0 silenced).
August 12, 2025 - 16:01:49
Django version 5.2.5, using settings 'synesis.settings'
Starting development server at http://127.0.0.1:8000/
Quit the server with CONTROL-C.

WARNING: This is a development server. Do not use it in a production setting. Use a production WSGI or ASGI server instead.
For more information on production servers see: https://docs.djangoproject.com/en/5.2/howto/deployment/
Watching for file changes with StatReloader
[12/Aug/2025 16:12:45] "GET /api/ HTTP/1.1" 200 685
[12/Aug/2025 16:12:46] "POST /api/auth/login/ HTTP/1.1" 200 258
[12/Aug/2025 16:12:52] "GET /api/auth/current-user/ HTTP/1.1" 200 223
[12/Aug/2025 16:12:53] "GET /api/turnos/ HTTP/1.1" 200 4982
[12/Aug/2025 16:12:53] "GET /api/pacientes/ HTTP/1.1" 200 1977
[12/Aug/2025 16:12:53] "GET /api/medicos/ HTTP/1.1" 200 2223
[12/Aug/2025 16:12:54] "GET /api/especialidades/ HTTP/1.1" 200 1727
[12/Aug/2025 16:12:55] "GET /api/ HTTP/1.1" 200 685
[12/Aug/2025 16:12:55] "POST /api/auth/logout/ HTTP/1.1" 200 28
[12/Aug/2025 16:13:04] "GET /api/ HTTP/1.1" 200 685
[12/Aug/2025 16:13:05] "POST /api/auth/login/ HTTP/1.1" 200 237
[12/Aug/2025 16:13:08] "GET /api/ HTTP/1.1" 200 685
[12/Aug/2025 16:13:09] "POST /api/auth/login/ HTTP/1.1" 200 237
[12/Aug/2025 16:13:14] "GET /api/auth/current-user/ HTTP/1.1" 200 202
[12/Aug/2025 16:13:15] "GET /api/turnos/ HTTP/1.1" 200 2521
[12/Aug/2025 16:13:15] "GET /api/pacientes/ HTTP/1.1" 200 1977
[12/Aug/2025 16:13:15] "GET /api/medicos/ HTTP/1.1" 200 2223
[12/Aug/2025 16:13:16] "GET /api/especialidades/ HTTP/1.1" 200 1727
[12/Aug/2025 16:13:23] "GET /api/ HTTP/1.1" 200 685
[12/Aug/2025 16:13:23] "POST /api/auth/logout/ HTTP/1.1" 200 28
[12/Aug/2025 16:13:30] "GET /api/ HTTP/1.1" 200 685
[12/Aug/2025 16:13:31] "POST /api/auth/login/ HTTP/1.1" 200 258
Forbidden: /api/auth/current-user/
[12/Aug/2025 16:17:55] "GET /api/auth/current-user/ HTTP/1.1" 403 65
[12/Aug/2025 16:17:55] "GET /api/ HTTP/1.1" 200 685
[12/Aug/2025 16:17:57] "POST /api/auth/login/ HTTP/1.1" 200 250
[12/Aug/2025 16:17:59] "GET /api/auth/current-user/ HTTP/1.1" 200 215
[12/Aug/2025 16:17:59] "GET /api/dashboard/estadisticas/ HTTP/1.1" 200 148
[12/Aug/2025 16:20:33] "GET /api/auth/current-user/ HTTP/1.1" 200 223
[12/Aug/2025 16:20:34] "GET /api/turnos/ HTTP/1.1" 200 4982
[12/Aug/2025 16:20:36] "GET /api/pacientes/ HTTP/1.1" 200 1977
[12/Aug/2025 16:20:39] "GET /api/medicos/ HTTP/1.1" 200 2223
[12/Aug/2025 16:20:41] "GET /api/especialidades/ HTTP/1.1" 200 1727
[12/Aug/2025 16:25:14] "GET /api/ HTTP/1.1" 200 685
[12/Aug/2025 16:25:14] "POST /api/auth/logout/ HTTP/1.1" 200 28
[12/Aug/2025 16:25:16] "GET /api/ HTTP/1.1" 200 685
[12/Aug/2025 16:25:17] "POST /api/auth/login/ HTTP/1.1" 200 258
[12/Aug/2025 16:25:18] "GET /api/turnos/ HTTP/1.1" 200 4982
[12/Aug/2025 16:25:19] "GET /api/pacientes/ HTTP/1.1" 200 1977
[12/Aug/2025 16:25:19] "GET /api/medicos/ HTTP/1.1" 200 2223
[12/Aug/2025 16:25:20] "GET /api/especialidades/ HTTP/1.1" 200 1727
[12/Aug/2025 16:25:20] "GET /api/ HTTP/1.1" 200 685
[12/Aug/2025 16:25:20] "POST /api/auth/logout/ HTTP/1.1" 200 28
[12/Aug/2025 16:25:24] "GET /api/ HTTP/1.1" 200 685
[12/Aug/2025 16:25:25] "POST /api/auth/login/ HTTP/1.1" 200 237
[12/Aug/2025 16:25:26] "GET /api/turnos/ HTTP/1.1" 200 2521
[12/Aug/2025 16:25:27] "GET /api/pacientes/ HTTP/1.1" 200 1977
[12/Aug/2025 16:25:27] "GET /api/medicos/ HTTP/1.1" 200 2223
[12/Aug/2025 16:25:27] "GET /api/especialidades/ HTTP/1.1" 200 1727
[12/Aug/2025 16:25:53] "GET /api/ HTTP/1.1" 200 685
[12/Aug/2025 16:25:53] "POST /api/auth/logout/ HTTP/1.1" 200 28
[12/Aug/2025 16:26:19] "GET /api/ HTTP/1.1" 200 685
[12/Aug/2025 16:26:20] "POST /api/auth/login/ HTTP/1.1" 200 244
[12/Aug/2025 16:26:21] "GET /api/turnos/ HTTP/1.1" 200 1291
[12/Aug/2025 16:26:21] "GET /api/pacientes/ HTTP/1.1" 200 1977
[12/Aug/2025 16:26:22] "GET /api/medicos/ HTTP/1.1" 200 2223
[12/Aug/2025 16:26:22] "GET /api/especialidades/ HTTP/1.1" 200 1727
[12/Aug/2025 16:27:46] "GET /admin/laboratorio/tipoexamen/ HTTP/1.1" 302 0
[12/Aug/2025 16:27:47] "GET /admin/login/?next=/admin/laboratorio/tipoexamen/ HTTP/1.1" 200 3801
[12/Aug/2025 16:27:50] "POST /admin/login/?next=/admin/laboratorio/tipoexamen/ HTTP/1.1" 302 0
[12/Aug/2025 16:27:50] "GET /admin/laboratorio/tipoexamen/ HTTP/1.1" 200 21662
[12/Aug/2025 16:27:50] "GET /admin/jsi18n/ HTTP/1.1" 200 9498
[12/Aug/2025 16:30:56] "GET /api/ HTTP/1.1" 200 685
[12/Aug/2025 16:30:56] "GET /api/ HTTP/1.1" 200 685
[12/Aug/2025 16:30:58] "POST /api/auth/login/ HTTP/1.1" 200 250
[12/Aug/2025 16:30:59] "GET /api/auth/current-user/ HTTP/1.1" 200 215
[12/Aug/2025 16:30:59] "GET /api/turnos/ HTTP/1.1" 200 4982
[12/Aug/2025 16:30:59] "GET /api/pacientes/ HTTP/1.1" 200 1977
[12/Aug/2025 16:31:00] "GET /api/medicos/ HTTP/1.1" 200 2223
[12/Aug/2025 16:31:00] "GET /api/especialidades/ HTTP/1.1" 200 1727
/Users/diegobaulde/Downloads/emr/api/views.py changed, reloading.
Performing system checks...

System check identified no issues (0 silenced).
August 12, 2025 - 16:12:29
Django version 5.2.5, using settings 'synesis.settings'
Starting development server at http://127.0.0.1:8000/
Quit the server with CONTROL-C.

WARNING: This is a development server. Do not use it in a production setting. Use a production WSGI or ASGI server instead.
For more information on production servers see: https://docs.djangoproject.com/en/5.2/howto/deployment/
Watching for file changes with StatReloader
/Users/diegobaulde/Downloads/emr/api/views.py changed, reloading.
Performing system checks...

System check identified no issues (0 silenced).
August 12, 2025 - 17:08:49
Django version 5.2.5, using settings 'synesis.settings'
Starting development server at http://127.0.0.1:8000/
Quit the server with CONTROL-C.

WARNING: This is a development server. Do not use it in a production setting. Use a production WSGI or ASGI server instead.
For more information on production servers see: https://docs.djangoproject.com/en/5.2/howto/deployment/
Watching for file changes with StatReloader
/Users/diegobaulde/Downloads/emr/api/views.py changed, reloading.
Performing system checks...

System check identified no issues (0 silenced).
August 12, 2025 - 17:09:08
Django version 5.2.5, using settings 'synesis.settings'
Starting development server at http://127.0.0.1:8000/
Quit the server with CONTROL-C.

WARNING: This is a development server. Do not use it in a production setting. Use a production WSGI or ASGI server instead.
For more information on production servers see: https://docs.djangoproject.com/en/5.2/howto/deployment/
Watching for file changes with StatReloader
[12/Aug/2025 17:19:22] "GET /api/auth/current-user/ HTTP/1.1" 200 223
[12/Aug/2025 17:19:23] "GET /api/turnos/ HTTP/1.1" 200 4982
[12/Aug/2025 17:19:24] "GET /api/pacientes/ HTTP/1.1" 200 1977
[12/Aug/2025 17:19:24] "GET /api/medicos/ HTTP/1.1" 200 2223
[12/Aug/2025 17:19:24] "GET /api/especialidades/ HTTP/1.1" 200 1727
[12/Aug/2025 17:19:30] "GET /api/ HTTP/1.1" 200 685
[12/Aug/2025 17:19:30] "POST /api/auth/logout/ HTTP/1.1" 200 28
[12/Aug/2025 17:19:32] "GET /api/ HTTP/1.1" 200 685
[12/Aug/2025 17:19:33] "POST /api/auth/login/ HTTP/1.1" 200 244
[12/Aug/2025 17:19:34] "GET /api/turnos/ HTTP/1.1" 200 1291
[12/Aug/2025 17:19:34] "GET /api/pacientes/ HTTP/1.1" 200 1977
[12/Aug/2025 17:19:35] "GET /api/medicos/ HTTP/1.1" 200 2223
[12/Aug/2025 17:19:35] "GET /api/especialidades/ HTTP/1.1" 200 1727
[12/Aug/2025 17:19:42] "GET /api/ HTTP/1.1" 200 685
[12/Aug/2025 17:19:42] "POST /api/auth/logout/ HTTP/1.1" 200 28
[12/Aug/2025 17:19:46] "GET /api/ HTTP/1.1" 200 685
[12/Aug/2025 17:19:47] "POST /api/auth/login/ HTTP/1.1" 200 237
[12/Aug/2025 17:19:48] "GET /api/turnos/ HTTP/1.1" 200 2521
[12/Aug/2025 17:19:49] "GET /api/pacientes/ HTTP/1.1" 200 1977
[12/Aug/2025 17:19:49] "GET /api/medicos/ HTTP/1.1" 200 2223
[12/Aug/2025 17:19:49] "GET /api/especialidades/ HTTP/1.1" 200 1727
[12/Aug/2025 17:21:11] "GET /api/ HTTP/1.1" 200 685
[12/Aug/2025 17:21:11] "PUT /api/turnos/10/ HTTP/1.1" 200 1228
[12/Aug/2025 17:22:33] "GET /api/ HTTP/1.1" 200 685
[12/Aug/2025 17:22:33] "OPTIONS /api/turnos/10/ HTTP/1.1" 200 0
[12/Aug/2025 17:22:34] "PUT /api/turnos/10/ HTTP/1.1" 200 1229
Unauthorized: /api/auth/login/
[12/Aug/2025 17:23:52] "POST /api/auth/login/ HTTP/1.1" 401 35
Forbidden: /api/turnos/
[12/Aug/2025 17:25:14] "GET /api/turnos/ HTTP/1.1" 403 65
Not Found: /
[12/Aug/2025 17:28:45] "GET / HTTP/1.1" 404 2305
Forbidden: /api/turnos/
[12/Aug/2025 17:28:45] "GET /api/turnos/ HTTP/1.1" 403 65
Forbidden: /api/consultas/
[12/Aug/2025 17:28:45] "GET /api/consultas/ HTTP/1.1" 403 65
Unauthorized: /api/auth/login/
[12/Aug/2025 17:33:16] "POST /api/auth/login/ HTTP/1.1" 401 35
[12/Aug/2025 17:35:22] "GET /api/auth/current-user/ HTTP/1.1" 200 202
[12/Aug/2025 17:35:23] "GET /api/turnos/ HTTP/1.1" 200 2521
[12/Aug/2025 17:35:24] "GET /api/pacientes/ HTTP/1.1" 200 1977
[12/Aug/2025 17:35:24] "GET /api/medicos/ HTTP/1.1" 200 2223
[12/Aug/2025 17:35:24] "GET /api/especialidades/ HTTP/1.1" 200 1727
[12/Aug/2025 17:36:29] "GET /api/ HTTP/1.1" 200 685
[12/Aug/2025 17:36:29] "PUT /api/turnos/10/ HTTP/1.1" 200 1229
[12/Aug/2025 17:36:41] "GET /api/ HTTP/1.1" 200 685
[12/Aug/2025 17:36:41] "PUT /api/turnos/12/ HTTP/1.1" 200 1239
[12/Aug/2025 17:48:58] "GET /api/auth/current-user/ HTTP/1.1" 200 202
[12/Aug/2025 17:49:00] "GET /api/turnos/ HTTP/1.1" 200 2521
[12/Aug/2025 17:49:00] "GET /api/pacientes/ HTTP/1.1" 200 1977
[12/Aug/2025 17:49:00] "GET /api/medicos/ HTTP/1.1" 200 2223
[12/Aug/2025 17:49:01] "GET /api/especialidades/ HTTP/1.1" 200 1727
[12/Aug/2025 17:49:23] "GET /api/ HTTP/1.1" 200 685
[12/Aug/2025 17:49:23] "PUT /api/turnos/10/ HTTP/1.1" 200 1228
[12/Aug/2025 17:49:58] "GET /api/ HTTP/1.1" 200 685
[12/Aug/2025 17:49:58] "PUT /api/turnos/10/ HTTP/1.1" 200 1229
[12/Aug/2025 17:51:39] "GET /api/ HTTP/1.1" 200 685
[12/Aug/2025 17:51:39] "OPTIONS /api/turnos/12/crear_consulta/ HTTP/1.1" 200 0
Bad Request: /api/turnos/12/crear_consulta/
[12/Aug/2025 17:51:39] "POST /api/turnos/12/crear_consulta/ HTTP/1.1" 400 50
[12/Aug/2025 17:51:52] "GET /api/ HTTP/1.1" 200 685
Bad Request: /api/turnos/12/crear_consulta/
[12/Aug/2025 17:51:52] "POST /api/turnos/12/crear_consulta/ HTTP/1.1" 400 50
/Users/diegobaulde/Downloads/emr/api/serializers.py changed, reloading.
Performing system checks...

System check identified no issues (0 silenced).
August 12, 2025 - 17:18:59
Django version 5.2.5, using settings 'synesis.settings'
Starting development server at http://127.0.0.1:8000/
Quit the server with CONTROL-C.

WARNING: This is a development server. Do not use it in a production setting. Use a production WSGI or ASGI server instead.
For more information on production servers see: https://docs.djangoproject.com/en/5.2/howto/deployment/
=== DEBUG TURNO UPDATE ===
Request data: {'fecha_hora_inicio': '2025-08-12T09:37:00.000Z', 'motivo_consulta': 'Dolor', 'estado': 'REALIZADO', 'paciente_id': 10, 'medico_id': 1, 'especialidad_id': 11}
Request method: PUT
URL: /api/turnos/10/
=== DEBUG TURNO UPDATE ===
Request data: {'fecha_hora_inicio': '2025-08-12T06:37:00.000Z', 'motivo_consulta': 'Dolor', 'estado': 'CONFIRMADO', 'paciente_id': 10, 'medico_id': 1, 'especialidad_id': 11}
Request method: PUT
URL: /api/turnos/10/
=== DEBUG TURNO UPDATE ===
Request data: {'fecha_hora_inicio': '2025-08-12T03:37:00.000Z', 'motivo_consulta': 'Dolor', 'estado': 'CONFIRMADO', 'paciente_id': 10, 'medico_id': 1, 'especialidad_id': 11}
Request method: PUT
URL: /api/turnos/10/
=== DEBUG TURNO UPDATE ===
Request data: {'fecha_hora_inicio': '2025-08-16T09:24:00.000Z', 'motivo_consulta': 'panza', 'estado': 'CONFIRMADO', 'paciente_id': 4, 'medico_id': 1, 'especialidad_id': 14}
Request method: PUT
URL: /api/turnos/12/
=== DEBUG TURNO UPDATE ===
Request data: {'fecha_hora_inicio': '2025-08-12T00:37:00.000Z', 'motivo_consulta': 'Dolor', 'estado': 'RESERVADO', 'paciente_id': 10, 'medico_id': 1, 'especialidad_id': 11}
Request method: PUT
URL: /api/turnos/10/
=== DEBUG TURNO UPDATE ===
Request data: {'fecha_hora_inicio': '2025-08-11T21:37:00.000Z', 'motivo_consulta': 'Dolor', 'estado': 'CONFIRMADO', 'paciente_id': 10, 'medico_id': 1, 'especialidad_id': 11}
Request method: PUT
URL: /api/turnos/10/
Watching for file changes with StatReloader
Exception in thread django-main-thread:
Traceback (most recent call last):
  File "/usr/local/Cellar/python@3.13/3.13.5/Frameworks/Python.framework/Versions/3.13/lib/python3.13/threading.py", line 1043, in _bootstrap_inner
    self.run()
    ~~~~~~~~^^
  File "/usr/local/Cellar/python@3.13/3.13.5/Frameworks/Python.framework/Versions/3.13/lib/python3.13/threading.py", line 994, in run
    self._target(*self._args, **self._kwargs)
    ~~~~~~~~~~~~^^^^^^^^^^^^^^^^^^^^^^^^^^^^^
  File "/Users/diegobaulde/Downloads/emr/emr_ev/lib/python3.13/site-packages/django/utils/autoreload.py", line 64, in wrapper
    fn(*args, **kwargs)
    ~~^^^^^^^^^^^^^^^^^
  File "/Users/diegobaulde/Downloads/emr/emr_ev/lib/python3.13/site-packages/django/core/management/commands/runserver.py", line 134, in inner_run
    self.check(**check_kwargs)
    ~~~~~~~~~~^^^^^^^^^^^^^^^^
  File "/Users/diegobaulde/Downloads/emr/emr_ev/lib/python3.13/site-packages/django/core/management/base.py", line 492, in check
    all_issues = checks.run_checks(
        app_configs=app_configs,
    ...<2 lines>...
        databases=databases,
    )
  File "/Users/diegobaulde/Downloads/emr/emr_ev/lib/python3.13/site-packages/django/core/checks/registry.py", line 89, in run_checks
    new_errors = check(app_configs=app_configs, databases=databases)
  File "/Users/diegobaulde/Downloads/emr/emr_ev/lib/python3.13/site-packages/django/core/checks/urls.py", line 136, in check_custom_error_handlers
    handler = resolver.resolve_error_handler(status_code)
  File "/Users/diegobaulde/Downloads/emr/emr_ev/lib/python3.13/site-packages/django/urls/resolvers.py", line 732, in resolve_error_handler
    callback = getattr(self.urlconf_module, "handler%s" % view_type, None)
                       ^^^^^^^^^^^^^^^^^^^
  File "/Users/diegobaulde/Downloads/emr/emr_ev/lib/python3.13/site-packages/django/utils/functional.py", line 47, in __get__
    res = instance.__dict__[self.name] = self.func(instance)
                                         ~~~~~~~~~^^^^^^^^^^
  File "/Users/diegobaulde/Downloads/emr/emr_ev/lib/python3.13/site-packages/django/urls/resolvers.py", line 711, in urlconf_module
    return import_module(self.urlconf_name)
  File "/usr/local/Cellar/python@3.13/3.13.5/Frameworks/Python.framework/Versions/3.13/lib/python3.13/importlib/__init__.py", line 88, in import_module
    return _bootstrap._gcd_import(name[level:], package, level)
           ~~~~~~~~~~~~~~~~~~~~~~^^^^^^^^^^^^^^^^^^^^^^^^^^^^^^
  File "<frozen importlib._bootstrap>", line 1387, in _gcd_import
  File "<frozen importlib._bootstrap>", line 1360, in _find_and_load
  File "<frozen importlib._bootstrap>", line 1331, in _find_and_load_unlocked
  File "<frozen importlib._bootstrap>", line 935, in _load_unlocked
  File "<frozen importlib._bootstrap_external>", line 1026, in exec_module
  File "<frozen importlib._bootstrap>", line 488, in _call_with_frames_removed
  File "/Users/diegobaulde/Downloads/emr/synesis/urls.py", line 22, in <module>
    path('api/', include('api.urls')),
                 ~~~~~~~^^^^^^^^^^^^
  File "/Users/diegobaulde/Downloads/emr/emr_ev/lib/python3.13/site-packages/django/urls/conf.py", line 39, in include
    urlconf_module = import_module(urlconf_module)
  File "/usr/local/Cellar/python@3.13/3.13.5/Frameworks/Python.framework/Versions/3.13/lib/python3.13/importlib/__init__.py", line 88, in import_module
    return _bootstrap._gcd_import(name[level:], package, level)
           ~~~~~~~~~~~~~~~~~~~~~~^^^^^^^^^^^^^^^^^^^^^^^^^^^^^^
  File "<frozen importlib._bootstrap>", line 1387, in _gcd_import
  File "<frozen importlib._bootstrap>", line 1360, in _find_and_load
  File "<frozen importlib._bootstrap>", line 1331, in _find_and_load_unlocked
  File "<frozen importlib._bootstrap>", line 935, in _load_unlocked
  File "<frozen importlib._bootstrap_external>", line 1026, in exec_module
  File "<frozen importlib._bootstrap>", line 488, in _call_with_frames_removed
  File "/Users/diegobaulde/Downloads/emr/api/urls.py", line 3, in <module>
    from . import views
  File "/Users/diegobaulde/Downloads/emr/api/views.py", line 13, in <module>
    from .serializers import (
    ...<6 lines>...
    )
  File "/Users/diegobaulde/Downloads/emr/api/serializers.py", line 66, in <module>
    class ConsultaCreateSerializer(serializers.ModelSerializer):
    ...<24 lines>...
            }
  File "/Users/diegobaulde/Downloads/emr/api/serializers.py", line 75, in ConsultaCreateSerializer
    turno = TurnoSerializer(read_only=True)
            ^^^^^^^^^^^^^^^
NameError: name 'TurnoSerializer' is not defined. Did you mean: 'MedicoSerializer'?
/Users/diegobaulde/Downloads/emr/api/serializers.py changed, reloading.
Performing system checks...

Watching for file changes with StatReloader
Exception in thread django-main-thread:
Traceback (most recent call last):
  File "/usr/local/Cellar/python@3.13/3.13.5/Frameworks/Python.framework/Versions/3.13/lib/python3.13/threading.py", line 1043, in _bootstrap_inner
    self.run()
    ~~~~~~~~^^
  File "/usr/local/Cellar/python@3.13/3.13.5/Frameworks/Python.framework/Versions/3.13/lib/python3.13/threading.py", line 994, in run
    self._target(*self._args, **self._kwargs)
    ~~~~~~~~~~~~^^^^^^^^^^^^^^^^^^^^^^^^^^^^^
  File "/Users/diegobaulde/Downloads/emr/emr_ev/lib/python3.13/site-packages/django/utils/autoreload.py", line 64, in wrapper
    fn(*args, **kwargs)
    ~~^^^^^^^^^^^^^^^^^
  File "/Users/diegobaulde/Downloads/emr/emr_ev/lib/python3.13/site-packages/django/core/management/commands/runserver.py", line 134, in inner_run
    self.check(**check_kwargs)
    ~~~~~~~~~~^^^^^^^^^^^^^^^^
  File "/Users/diegobaulde/Downloads/emr/emr_ev/lib/python3.13/site-packages/django/core/management/base.py", line 492, in check
    all_issues = checks.run_checks(
        app_configs=app_configs,
    ...<2 lines>...
        databases=databases,
    )
  File "/Users/diegobaulde/Downloads/emr/emr_ev/lib/python3.13/site-packages/django/core/checks/registry.py", line 89, in run_checks
    new_errors = check(app_configs=app_configs, databases=databases)
  File "/Users/diegobaulde/Downloads/emr/emr_ev/lib/python3.13/site-packages/django/core/checks/urls.py", line 136, in check_custom_error_handlers
    handler = resolver.resolve_error_handler(status_code)
  File "/Users/diegobaulde/Downloads/emr/emr_ev/lib/python3.13/site-packages/django/urls/resolvers.py", line 732, in resolve_error_handler
    callback = getattr(self.urlconf_module, "handler%s" % view_type, None)
                       ^^^^^^^^^^^^^^^^^^^
  File "/Users/diegobaulde/Downloads/emr/emr_ev/lib/python3.13/site-packages/django/utils/functional.py", line 47, in __get__
    res = instance.__dict__[self.name] = self.func(instance)
                                         ~~~~~~~~~^^^^^^^^^^
  File "/Users/diegobaulde/Downloads/emr/emr_ev/lib/python3.13/site-packages/django/urls/resolvers.py", line 711, in urlconf_module
    return import_module(self.urlconf_name)
  File "/usr/local/Cellar/python@3.13/3.13.5/Frameworks/Python.framework/Versions/3.13/lib/python3.13/importlib/__init__.py", line 88, in import_module
    return _bootstrap._gcd_import(name[level:], package, level)
           ~~~~~~~~~~~~~~~~~~~~~~^^^^^^^^^^^^^^^^^^^^^^^^^^^^^^
  File "<frozen importlib._bootstrap>", line 1387, in _gcd_import
  File "<frozen importlib._bootstrap>", line 1360, in _find_and_load
  File "<frozen importlib._bootstrap>", line 1331, in _find_and_load_unlocked
  File "<frozen importlib._bootstrap>", line 935, in _load_unlocked
  File "<frozen importlib._bootstrap_external>", line 1026, in exec_module
  File "<frozen importlib._bootstrap>", line 488, in _call_with_frames_removed
  File "/Users/diegobaulde/Downloads/emr/synesis/urls.py", line 22, in <module>
    path('api/', include('api.urls')),
                 ~~~~~~~^^^^^^^^^^^^
  File "/Users/diegobaulde/Downloads/emr/emr_ev/lib/python3.13/site-packages/django/urls/conf.py", line 39, in include
    urlconf_module = import_module(urlconf_module)
  File "/usr/local/Cellar/python@3.13/3.13.5/Frameworks/Python.framework/Versions/3.13/lib/python3.13/importlib/__init__.py", line 88, in import_module
    return _bootstrap._gcd_import(name[level:], package, level)
           ~~~~~~~~~~~~~~~~~~~~~~^^^^^^^^^^^^^^^^^^^^^^^^^^^^^^
  File "<frozen importlib._bootstrap>", line 1387, in _gcd_import
  File "<frozen importlib._bootstrap>", line 1360, in _find_and_load
  File "<frozen importlib._bootstrap>", line 1331, in _find_and_load_unlocked
  File "<frozen importlib._bootstrap>", line 935, in _load_unlocked
  File "<frozen importlib._bootstrap_external>", line 1026, in exec_module
  File "<frozen importlib._bootstrap>", line 488, in _call_with_frames_removed
  File "/Users/diegobaulde/Downloads/emr/api/urls.py", line 3, in <module>
    from . import views
  File "/Users/diegobaulde/Downloads/emr/api/views.py", line 13, in <module>
    from .serializers import (
    ...<6 lines>...
    )
  File "/Users/diegobaulde/Downloads/emr/api/serializers.py", line 66, in <module>
    class ConsultaCreateSerializer(serializers.ModelSerializer):
    ...<24 lines>...
            }
  File "/Users/diegobaulde/Downloads/emr/api/serializers.py", line 75, in ConsultaCreateSerializer
    turno = TurnoSerializer(read_only=True)
            ^^^^^^^^^^^^^^^
NameError: name 'TurnoSerializer' is not defined. Did you mean: 'MedicoSerializer'?
/Users/diegobaulde/Downloads/emr/api/serializers.py changed, reloading.
Performing system checks...

Watching for file changes with StatReloader
Exception in thread django-main-thread:
Traceback (most recent call last):
  File "/Users/diegobaulde/Downloads/emr/emr_ev/lib/python3.13/site-packages/django/core/checks/urls.py", line 136, in check_custom_error_handlers
    handler = resolver.resolve_error_handler(status_code)
  File "/Users/diegobaulde/Downloads/emr/emr_ev/lib/python3.13/site-packages/django/urls/resolvers.py", line 732, in resolve_error_handler
    callback = getattr(self.urlconf_module, "handler%s" % view_type, None)
                       ^^^^^^^^^^^^^^^^^^^
  File "/Users/diegobaulde/Downloads/emr/emr_ev/lib/python3.13/site-packages/django/utils/functional.py", line 47, in __get__
    res = instance.__dict__[self.name] = self.func(instance)
                                         ~~~~~~~~~^^^^^^^^^^
  File "/Users/diegobaulde/Downloads/emr/emr_ev/lib/python3.13/site-packages/django/urls/resolvers.py", line 711, in urlconf_module
    return import_module(self.urlconf_name)
  File "/usr/local/Cellar/python@3.13/3.13.5/Frameworks/Python.framework/Versions/3.13/lib/python3.13/importlib/__init__.py", line 88, in import_module
    return _bootstrap._gcd_import(name[level:], package, level)
           ~~~~~~~~~~~~~~~~~~~~~~^^^^^^^^^^^^^^^^^^^^^^^^^^^^^^
  File "<frozen importlib._bootstrap>", line 1387, in _gcd_import
  File "<frozen importlib._bootstrap>", line 1360, in _find_and_load
  File "<frozen importlib._bootstrap>", line 1331, in _find_and_load_unlocked
  File "<frozen importlib._bootstrap>", line 935, in _load_unlocked
  File "<frozen importlib._bootstrap_external>", line 1026, in exec_module
  File "<frozen importlib._bootstrap>", line 488, in _call_with_frames_removed
  File "/Users/diegobaulde/Downloads/emr/synesis/urls.py", line 22, in <module>
    path('api/', include('api.urls')),
                 ~~~~~~~^^^^^^^^^^^^
  File "/Users/diegobaulde/Downloads/emr/emr_ev/lib/python3.13/site-packages/django/urls/conf.py", line 39, in include
    urlconf_module = import_module(urlconf_module)
  File "/usr/local/Cellar/python@3.13/3.13.5/Frameworks/Python.framework/Versions/3.13/lib/python3.13/importlib/__init__.py", line 88, in import_module
    return _bootstrap._gcd_import(name[level:], package, level)
           ~~~~~~~~~~~~~~~~~~~~~~^^^^^^^^^^^^^^^^^^^^^^^^^^^^^^
  File "<frozen importlib._bootstrap>", line 1387, in _gcd_import
  File "<frozen importlib._bootstrap>", line 1360, in _find_and_load
  File "<frozen importlib._bootstrap>", line 1331, in _find_and_load_unlocked
  File "<frozen importlib._bootstrap>", line 935, in _load_unlocked
  File "<frozen importlib._bootstrap_external>", line 1026, in exec_module
  File "<frozen importlib._bootstrap>", line 488, in _call_with_frames_removed
  File "/Users/diegobaulde/Downloads/emr/api/urls.py", line 3, in <module>
    from . import views
  File "/Users/diegobaulde/Downloads/emr/api/views.py", line 13, in <module>
    from .serializers import (
    ...<6 lines>...
    )
ImportError: cannot import name 'ConsultaCreateSerializer' from 'api.serializers' (/Users/diegobaulde/Downloads/emr/api/serializers.py)

During handling of the above exception, another exception occurred:

Traceback (most recent call last):
  File "/usr/local/Cellar/python@3.13/3.13.5/Frameworks/Python.framework/Versions/3.13/lib/python3.13/threading.py", line 1043, in _bootstrap_inner
    self.run()
    ~~~~~~~~^^
  File "/usr/local/Cellar/python@3.13/3.13.5/Frameworks/Python.framework/Versions/3.13/lib/python3.13/threading.py", line 994, in run
    self._target(*self._args, **self._kwargs)
    ~~~~~~~~~~~~^^^^^^^^^^^^^^^^^^^^^^^^^^^^^
  File "/Users/diegobaulde/Downloads/emr/emr_ev/lib/python3.13/site-packages/django/utils/autoreload.py", line 64, in wrapper
    fn(*args, **kwargs)
    ~~^^^^^^^^^^^^^^^^^
  File "/Users/diegobaulde/Downloads/emr/emr_ev/lib/python3.13/site-packages/django/core/management/commands/runserver.py", line 134, in inner_run
    self.check(**check_kwargs)
    ~~~~~~~~~~^^^^^^^^^^^^^^^^
  File "/Users/diegobaulde/Downloads/emr/emr_ev/lib/python3.13/site-packages/django/core/management/base.py", line 492, in check
    all_issues = checks.run_checks(
        app_configs=app_configs,
    ...<2 lines>...
        databases=databases,
    )
  File "/Users/diegobaulde/Downloads/emr/emr_ev/lib/python3.13/site-packages/django/core/checks/registry.py", line 89, in run_checks
    new_errors = check(app_configs=app_configs, databases=databases)
  File "/Users/diegobaulde/Downloads/emr/emr_ev/lib/python3.13/site-packages/django/core/checks/urls.py", line 138, in check_custom_error_handlers
    path = getattr(resolver.urlconf_module, "handler%s" % status_code)
                   ^^^^^^^^^^^^^^^^^^^^^^^
  File "/Users/diegobaulde/Downloads/emr/emr_ev/lib/python3.13/site-packages/django/utils/functional.py", line 47, in __get__
    res = instance.__dict__[self.name] = self.func(instance)
                                         ~~~~~~~~~^^^^^^^^^^
  File "/Users/diegobaulde/Downloads/emr/emr_ev/lib/python3.13/site-packages/django/urls/resolvers.py", line 711, in urlconf_module
    return import_module(self.urlconf_name)
  File "/usr/local/Cellar/python@3.13/3.13.5/Frameworks/Python.framework/Versions/3.13/lib/python3.13/importlib/__init__.py", line 88, in import_module
    return _bootstrap._gcd_import(name[level:], package, level)
           ~~~~~~~~~~~~~~~~~~~~~~^^^^^^^^^^^^^^^^^^^^^^^^^^^^^^
  File "<frozen importlib._bootstrap>", line 1387, in _gcd_import
  File "<frozen importlib._bootstrap>", line 1360, in _find_and_load
  File "<frozen importlib._bootstrap>", line 1331, in _find_and_load_unlocked
  File "<frozen importlib._bootstrap>", line 935, in _load_unlocked
  File "<frozen importlib._bootstrap_external>", line 1026, in exec_module
  File "<frozen importlib._bootstrap>", line 488, in _call_with_frames_removed
  File "/Users/diegobaulde/Downloads/emr/synesis/urls.py", line 22, in <module>
    path('api/', include('api.urls')),
                 ~~~~~~~^^^^^^^^^^^^
  File "/Users/diegobaulde/Downloads/emr/emr_ev/lib/python3.13/site-packages/django/urls/conf.py", line 39, in include
    urlconf_module = import_module(urlconf_module)
  File "/usr/local/Cellar/python@3.13/3.13.5/Frameworks/Python.framework/Versions/3.13/lib/python3.13/importlib/__init__.py", line 88, in import_module
    return _bootstrap._gcd_import(name[level:], package, level)
           ~~~~~~~~~~~~~~~~~~~~~~^^^^^^^^^^^^^^^^^^^^^^^^^^^^^^
  File "<frozen importlib._bootstrap>", line 1387, in _gcd_import
  File "<frozen importlib._bootstrap>", line 1360, in _find_and_load
  File "<frozen importlib._bootstrap>", line 1331, in _find_and_load_unlocked
  File "<frozen importlib._bootstrap>", line 935, in _load_unlocked
  File "<frozen importlib._bootstrap_external>", line 1026, in exec_module
  File "<frozen importlib._bootstrap>", line 488, in _call_with_frames_removed
  File "/Users/diegobaulde/Downloads/emr/api/urls.py", line 3, in <module>
    from . import views
  File "/Users/diegobaulde/Downloads/emr/api/views.py", line 13, in <module>
    from .serializers import (
    ...<6 lines>...
    )
ImportError: cannot import name 'ConsultaCreateSerializer' from 'api.serializers' (/Users/diegobaulde/Downloads/emr/api/serializers.py)
/Users/diegobaulde/Downloads/emr/api/serializers.py changed, reloading.
Performing system checks...

Watching for file changes with StatReloader
Error: That port is already in use.
